# JRE version: Java(TM) SE Runtime Environment (8.0_271-b09) (build 1.8.0_271-b09)
# Java VM: Java HotSpot(TM) 64-Bit Server VM (25.271-b09 mixed mode windows-amd64 compressed oops)
Heap:
 PSYoungGen      total 733696K, used 499870K [0x0000000780980000, 0x00000007c0000000, 0x00000007c0000000)
  eden space 519680K, 96% used [0x0000000780980000,0x000000079f1a7828,0x00000007a0500000)
  from space 214016K, 0% used [0x00000007a0500000,0x00000007a0500000,0x00000007ad600000)
  to   space 267264K, 0% used [0x00000007afb00000,0x00000007afb00000,0x00000007c0000000)
 ParOldGen       total 2078208K, used 2077937K [0x0000000701c00000, 0x0000000780980000, 0x0000000780980000)
  object space 2078208K, 99% used [0x0000000701c00000,0x000000078093c570,0x0000000780980000)
 Metaspace       used 162326K, capacity 181990K, committed 182568K, reserved 1204224K
  class space    used 23706K, capacity 28005K, committed 28200K, reserved 1048576K
GC Heap History (10 events):
Event: 762.902 GC heap before
{Heap before GC invocations=445 (full 60):
 PSYoungGen      total 733696K, used 519680K [0x0000000780980000, 0x00000007c0000000, 0x00000007c0000000)
  eden space 519680K, 100% used [0x0000000780980000,0x00000007a0500000,0x00000007a0500000)
  from space 214016K, 0% used [0x00000007a0500000,0x00000007a0500000,0x00000007ad600000)
  to   space 267264K, 0% used [0x00000007afb00000,0x00000007afb00000,0x00000007c0000000)
 ParOldGen       total 2078208K, used 2078058K [0x0000000701c00000, 0x0000000780980000, 0x0000000780980000)
  object space 2078208K, 99% used [0x0000000701c00000,0x000000078095aaa0,0x0000000780980000)
 Metaspace       used 162271K, capacity 181914K, committed 182568K, reserved 1204224K
  class space    used 23704K, capacity 28003K, committed 28200K, reserved 1048576K
Event: 763.978 GC heap after
Heap after GC invocations=445 (full 60):
 PSYoungGen      total 733696K, used 83514K [0x0000000780980000, 0x00000007c0000000, 0x00000007c0000000)
  eden space 519680K, 16% used [0x0000000780980000,0x0000000785b0e8d8,0x00000007a0500000)
  from space 214016K, 0% used [0x00000007a0500000,0x00000007a0500000,0x00000007ad600000)
  to   space 267264K, 0% used [0x00000007afb00000,0x00000007afb00000,0x00000007c0000000)
 ParOldGen       total 2078208K, used 2077970K [0x0000000701c00000, 0x0000000780980000, 0x0000000780980000)
  object space 2078208K, 99% used [0x0000000701c00000,0x0000000780944a00,0x0000000780980000)
 Metaspace       used 162271K, capacity 181914K, committed 182568K, reserved 1204224K
  class space    used 23704K, capacity 28003K, committed 28200K, reserved 1048576K
}
Event: 764.718 GC heap before
{Heap before GC invocations=446 (full 61):
 PSYoungGen      total 733696K, used 519680K [0x0000000780980000, 0x00000007c0000000, 0x00000007c0000000)
  eden space 519680K, 100% used [0x0000000780980000,0x00000007a0500000,0x00000007a0500000)
  from space 214016K, 0% used [0x00000007a0500000,0x00000007a0500000,0x00000007ad600000)
  to   space 267264K, 0% used [0x00000007afb00000,0x00000007afb00000,0x00000007c0000000)
 ParOldGen       total 2078208K, used 2077970K [0x0000000701c00000, 0x0000000780980000, 0x0000000780980000)
  object space 2078208K, 99% used [0x0000000701c00000,0x0000000780944a00,0x0000000780980000)
 Metaspace       used 162271K, capacity 181914K, committed 182568K, reserved 1204224K
  class space    used 23704K, capacity 28003K, committed 28200K, reserved 1048576K
Event: 765.739 GC heap after
Heap after GC invocations=446 (full 61):
 PSYoungGen      total 733696K, used 83514K [0x0000000780980000, 0x00000007c0000000, 0x00000007c0000000)
  eden space 519680K, 16% used [0x0000000780980000,0x0000000785b0e860,0x00000007a0500000)
  from space 214016K, 0% used [0x00000007a0500000,0x00000007a0500000,0x00000007ad600000)
  to   space 267264K, 0% used [0x00000007afb00000,0x00000007afb00000,0x00000007c0000000)
 ParOldGen       total 2078208K, used 2077970K [0x0000000701c00000, 0x0000000780980000, 0x0000000780980000)
  object space 2078208K, 99% used [0x0000000701c00000,0x0000000780944930,0x0000000780980000)
 Metaspace       used 162271K, capacity 181914K, committed 182568K, reserved 1204224K
  class space    used 23704K, capacity 28003K, committed 28200K, reserved 1048576K
}
Event: 766.476 GC heap before
{Heap before GC invocations=447 (full 62):
 PSYoungGen      total 733696K, used 519680K [0x0000000780980000, 0x00000007c0000000, 0x00000007c0000000)
  eden space 519680K, 100% used [0x0000000780980000,0x00000007a0500000,0x00000007a0500000)
  from space 214016K, 0% used [0x00000007a0500000,0x00000007a0500000,0x00000007ad600000)
  to   space 267264K, 0% used [0x00000007afb00000,0x00000007afb00000,0x00000007c0000000)
 ParOldGen       total 2078208K, used 2077970K [0x0000000701c00000, 0x0000000780980000, 0x0000000780980000)
  object space 2078208K, 99% used [0x0000000701c00000,0x0000000780944930,0x0000000780980000)
 Metaspace       used 162271K, capacity 181914K, committed 182568K, reserved 1204224K
  class space    used 23704K, capacity 28003K, committed 28200K, reserved 1048576K
Event: 767.006 GC heap after
Heap after GC invocations=447 (full 62):
 PSYoungGen      total 733696K, used 83517K [0x0000000780980000, 0x00000007c0000000, 0x00000007c0000000)
  eden space 519680K, 16% used [0x0000000780980000,0x0000000785b0f5f0,0x00000007a0500000)
  from space 214016K, 0% used [0x00000007a0500000,0x00000007a0500000,0x00000007ad600000)
  to   space 267264K, 0% used [0x00000007afb00000,0x00000007afb00000,0x00000007c0000000)
 ParOldGen       total 2078208K, used 2077970K [0x0000000701c00000, 0x0000000780980000, 0x0000000780980000)
  object space 2078208K, 99% used [0x0000000701c00000,0x0000000780944930,0x0000000780980000)
 Metaspace       used 162271K, capacity 181914K, committed 182568K, reserved 1204224K
  class space    used 23704K, capacity 28003K, committed 28200K, reserved 1048576K
}
Event: 767.743 GC heap before
{Heap before GC invocations=448 (full 63):
 PSYoungGen      total 733696K, used 519680K [0x0000000780980000, 0x00000007c0000000, 0x00000007c0000000)
  eden space 519680K, 100% used [0x0000000780980000,0x00000007a0500000,0x00000007a0500000)
  from space 214016K, 0% used [0x00000007a0500000,0x00000007a0500000,0x00000007ad600000)
  to   space 267264K, 0% used [0x00000007afb00000,0x00000007afb00000,0x00000007c0000000)
 ParOldGen       total 2078208K, used 2077970K [0x0000000701c00000, 0x0000000780980000, 0x0000000780980000)
  object space 2078208K, 99% used [0x0000000701c00000,0x0000000780944930,0x0000000780980000)
 Metaspace       used 162271K, capacity 181914K, committed 182568K, reserved 1204224K
  class space    used 23704K, capacity 28003K, committed 28200K, reserved 1048576K
Event: 768.759 GC heap after
Heap after GC invocations=448 (full 63):
 PSYoungGen      total 733696K, used 83515K [0x0000000780980000, 0x00000007c0000000, 0x00000007c0000000)
  eden space 519680K, 16% used [0x0000000780980000,0x0000000785b0ee30,0x00000007a0500000)
  from space 214016K, 0% used [0x00000007a0500000,0x00000007a0500000,0x00000007ad600000)
  to   space 267264K, 0% used [0x00000007afb00000,0x00000007afb00000,0x00000007c0000000)
 ParOldGen       total 2078208K, used 2077937K [0x0000000701c00000, 0x0000000780980000, 0x0000000780980000)
  object space 2078208K, 99% used [0x0000000701c00000,0x000000078093c570,0x0000000780980000)
 Metaspace       used 162271K, capacity 181914K, committed 182568K, reserved 1204224K
  class space    used 23704K, capacity 28003K, committed 28200K, reserved 1048576K
}
Event: 769.496 GC heap before
{Heap before GC invocations=449 (full 64):
 PSYoungGen      total 733696K, used 519680K [0x0000000780980000, 0x00000007c0000000, 0x00000007c0000000)
  eden space 519680K, 100% used [0x0000000780980000,0x00000007a0500000,0x00000007a0500000)
  from space 214016K, 0% used [0x00000007a0500000,0x00000007a0500000,0x00000007ad600000)
  to   space 267264K, 0% used [0x00000007afb00000,0x00000007afb00000,0x00000007c0000000)
 ParOldGen       total 2078208K, used 2077937K [0x0000000701c00000, 0x0000000780980000, 0x0000000780980000)
  object space 2078208K, 99% used [0x0000000701c00000,0x000000078093c570,0x0000000780980000)
 Metaspace       used 162271K, capacity 181914K, committed 182568K, reserved 1204224K
  class space    used 23704K, capacity 28003K, committed 28200K, reserved 1048576K
Event: 770.028 GC heap after
Heap after GC invocations=449 (full 64):
 PSYoungGen      total 733696K, used 83513K [0x0000000780980000, 0x00000007c0000000, 0x00000007c0000000)
  eden space 519680K, 16% used [0x0000000780980000,0x0000000785b0e5d0,0x00000007a0500000)
  from space 214016K, 0% used [0x00000007a0500000,0x00000007a0500000,0x00000007ad600000)
  to   space 267264K, 0% used [0x00000007afb00000,0x00000007afb00000,0x00000007c0000000)
 ParOldGen       total 2078208K, used 2077937K [0x0000000701c00000, 0x0000000780980000, 0x0000000780980000)
  object space 2078208K, 99% used [0x0000000701c00000,0x000000078093c570,0x0000000780980000)
 Metaspace       used 162271K, capacity 181914K, committed 182568K, reserved 1204224K
  class space    used 23704K, capacity 28003K, committed 28200K, reserved 1048576K
}

