# JRE version: Java(TM) SE Runtime Environment (8.0_271-b09) (build 1.8.0_271-b09)
# Java VM: Java HotSpot(TM) 64-Bit Server VM (25.271-b09 mixed mode windows-amd64 compressed oops)
Heap:
 PSYoungGen      total 817152K, used 218566K [0x0000000780980000, 0x00000007bfe80000, 0x00000007c0000000)
  eden space 595456K, 32% used [0x0000000780980000,0x000000078c78dc90,0x00000007a4f00000)
  from space 221696K, 10% used [0x00000007a4f00000,0x00000007a6663ca8,0x00000007b2780000)
  to   space 219648K, 0% used [0x00000007b2800000,0x00000007b2800000,0x00000007bfe80000)
 ParOldGen       total 2078208K, used 1764978K [0x0000000701c00000, 0x0000000780980000, 0x0000000780980000)
  object space 2078208K, 84% used [0x0000000701c00000,0x000000076d79c8d0,0x0000000780980000)
 Metaspace       used 157033K, capacity 175678K, committed 175768K, reserved 1198080K
  class space    used 23251K, capacity 27469K, committed 27544K, reserved 1048576K
GC Heap History (10 events):
Event: 364.946 GC heap before
{Heap before GC invocations=211 (full 6):
 PSYoungGen      total 837632K, used 708728K [0x0000000780980000, 0x00000007c0000000, 0x00000007c0000000)
  eden space 657920K, 100% used [0x0000000780980000,0x00000007a8c00000,0x00000007a8c00000)
  from space 179712K, 28% used [0x00000007b4c00000,0x00000007b7d9e1f0,0x00000007bfb80000)
  to   space 190464K, 0% used [0x00000007a8c00000,0x00000007a8c00000,0x00000007b4600000)
 ParOldGen       total 2078208K, used 1764962K [0x0000000701c00000, 0x0000000780980000, 0x0000000780980000)
  object space 2078208K, 84% used [0x0000000701c00000,0x000000076d7988d0,0x0000000780980000)
 Metaspace       used 156845K, capacity 175322K, committed 175512K, reserved 1198080K
  class space    used 23220K, capacity 27427K, committed 27544K, reserved 1048576K
Event: 364.956 GC heap after
Heap after GC invocations=211 (full 6):
 PSYoungGen      total 670208K, used 11974K [0x0000000780980000, 0x00000007c0000000, 0x00000007c0000000)
  eden space 657920K, 0% used [0x0000000780980000,0x0000000780980000,0x00000007a8c00000)
  from space 12288K, 97% used [0x00000007a8c00000,0x00000007a97b1af0,0x00000007a9800000)
  to   space 204288K, 0% used [0x00000007b3880000,0x00000007b3880000,0x00000007c0000000)
 ParOldGen       total 2078208K, used 1764970K [0x0000000701c00000, 0x0000000780980000, 0x0000000780980000)
  object space 2078208K, 84% used [0x0000000701c00000,0x000000076d79a8d0,0x0000000780980000)
 Metaspace       used 156845K, capacity 175322K, committed 175512K, reserved 1198080K
  class space    used 23220K, capacity 27427K, committed 27544K, reserved 1048576K
}
Event: 373.619 GC heap before
{Heap before GC invocations=212 (full 6):
 PSYoungGen      total 670208K, used 669894K [0x0000000780980000, 0x00000007c0000000, 0x00000007c0000000)
  eden space 657920K, 100% used [0x0000000780980000,0x00000007a8c00000,0x00000007a8c00000)
  from space 12288K, 97% used [0x00000007a8c00000,0x00000007a97b1af0,0x00000007a9800000)
  to   space 204288K, 0% used [0x00000007b3880000,0x00000007b3880000,0x00000007c0000000)
 ParOldGen       total 2078208K, used 1764970K [0x0000000701c00000, 0x0000000780980000, 0x0000000780980000)
  object space 2078208K, 84% used [0x0000000701c00000,0x000000076d79a8d0,0x0000000780980000)
 Metaspace       used 156860K, capacity 175336K, committed 175512K, reserved 1198080K
  class space    used 23224K, capacity 27432K, committed 27544K, reserved 1048576K
Event: 373.633 GC heap after
Heap after GC invocations=212 (full 6):
 PSYoungGen      total 816128K, used 12702K [0x0000000780980000, 0x00000007c0000000, 0x00000007c0000000)
  eden space 611840K, 0% used [0x0000000780980000,0x0000000780980000,0x00000007a5f00000)
  from space 204288K, 6% used [0x00000007b3880000,0x00000007b44e7958,0x00000007c0000000)
  to   space 213504K, 0% used [0x00000007a5f00000,0x00000007a5f00000,0x00000007b2f80000)
 ParOldGen       total 2078208K, used 1764970K [0x0000000701c00000, 0x0000000780980000, 0x0000000780980000)
  object space 2078208K, 84% used [0x0000000701c00000,0x000000076d79a8d0,0x0000000780980000)
 Metaspace       used 156860K, capacity 175336K, committed 175512K, reserved 1198080K
  class space    used 23224K, capacity 27432K, committed 27544K, reserved 1048576K
}
Event: 380.680 GC heap before
{Heap before GC invocations=213 (full 6):
 PSYoungGen      total 816128K, used 624542K [0x0000000780980000, 0x00000007c0000000, 0x00000007c0000000)
  eden space 611840K, 100% used [0x0000000780980000,0x00000007a5f00000,0x00000007a5f00000)
  from space 204288K, 6% used [0x00000007b3880000,0x00000007b44e7958,0x00000007c0000000)
  to   space 213504K, 0% used [0x00000007a5f00000,0x00000007a5f00000,0x00000007b2f80000)
 ParOldGen       total 2078208K, used 1764970K [0x0000000701c00000, 0x0000000780980000, 0x0000000780980000)
  object space 2078208K, 84% used [0x0000000701c00000,0x000000076d79a8d0,0x0000000780980000)
 Metaspace       used 156860K, capacity 175336K, committed 175512K, reserved 1198080K
  class space    used 23224K, capacity 27432K, committed 27544K, reserved 1048576K
Event: 380.691 GC heap after
Heap after GC invocations=213 (full 6):
 PSYoungGen      total 624128K, used 12134K [0x0000000780980000, 0x00000007c0000000, 0x00000007c0000000)
  eden space 611840K, 0% used [0x0000000780980000,0x0000000780980000,0x00000007a5f00000)
  from space 12288K, 98% used [0x00000007a5f00000,0x00000007a6ad9ae0,0x00000007a6b00000)
  to   space 219136K, 0% used [0x00000007b2a00000,0x00000007b2a00000,0x00000007c0000000)
 ParOldGen       total 2078208K, used 1764970K [0x0000000701c00000, 0x0000000780980000, 0x0000000780980000)
  object space 2078208K, 84% used [0x0000000701c00000,0x000000076d79a8d0,0x0000000780980000)
 Metaspace       used 156860K, capacity 175336K, committed 175512K, reserved 1198080K
  class space    used 23224K, capacity 27432K, committed 27544K, reserved 1048576K
}
Event: 386.472 GC heap before
{Heap before GC invocations=214 (full 6):
 PSYoungGen      total 624128K, used 623974K [0x0000000780980000, 0x00000007c0000000, 0x00000007c0000000)
  eden space 611840K, 100% used [0x0000000780980000,0x00000007a5f00000,0x00000007a5f00000)
  from space 12288K, 98% used [0x00000007a5f00000,0x00000007a6ad9ae0,0x00000007a6b00000)
  to   space 219136K, 0% used [0x00000007b2a00000,0x00000007b2a00000,0x00000007c0000000)
 ParOldGen       total 2078208K, used 1764970K [0x0000000701c00000, 0x0000000780980000, 0x0000000780980000)
  object space 2078208K, 84% used [0x0000000701c00000,0x000000076d79a8d0,0x0000000780980000)
 Metaspace       used 156860K, capacity 175336K, committed 175512K, reserved 1198080K
  class space    used 23224K, capacity 27432K, committed 27544K, reserved 1048576K
Event: 386.483 GC heap after
Heap after GC invocations=214 (full 6):
 PSYoungGen      total 814592K, used 12096K [0x0000000780980000, 0x00000007c0000000, 0x00000007c0000000)
  eden space 595456K, 0% used [0x0000000780980000,0x0000000780980000,0x00000007a4f00000)
  from space 219136K, 5% used [0x00000007b2a00000,0x00000007b35d0350,0x00000007c0000000)
  to   space 221696K, 0% used [0x00000007a4f00000,0x00000007a4f00000,0x00000007b2780000)
 ParOldGen       total 2078208K, used 1764970K [0x0000000701c00000, 0x0000000780980000, 0x0000000780980000)
  object space 2078208K, 84% used [0x0000000701c00000,0x000000076d79a8d0,0x0000000780980000)
 Metaspace       used 156860K, capacity 175336K, committed 175512K, reserved 1198080K
  class space    used 23224K, capacity 27432K, committed 27544K, reserved 1048576K
}
Event: 390.061 GC heap before
{Heap before GC invocations=215 (full 6):
 PSYoungGen      total 814592K, used 607552K [0x0000000780980000, 0x00000007c0000000, 0x00000007c0000000)
  eden space 595456K, 100% used [0x0000000780980000,0x00000007a4f00000,0x00000007a4f00000)
  from space 219136K, 5% used [0x00000007b2a00000,0x00000007b35d0350,0x00000007c0000000)
  to   space 221696K, 0% used [0x00000007a4f00000,0x00000007a4f00000,0x00000007b2780000)
 ParOldGen       total 2078208K, used 1764970K [0x0000000701c00000, 0x0000000780980000, 0x0000000780980000)
  object space 2078208K, 84% used [0x0000000701c00000,0x000000076d79a8d0,0x0000000780980000)
 Metaspace       used 156984K, capacity 175620K, committed 175768K, reserved 1198080K
  class space    used 23243K, capacity 27456K, committed 27544K, reserved 1048576K
Event: 390.073 GC heap after
Heap after GC invocations=215 (full 6):
 PSYoungGen      total 817152K, used 23951K [0x0000000780980000, 0x00000007bfe80000, 0x00000007c0000000)
  eden space 595456K, 0% used [0x0000000780980000,0x0000000780980000,0x00000007a4f00000)
  from space 221696K, 10% used [0x00000007a4f00000,0x00000007a6663ca8,0x00000007b2780000)
  to   space 219648K, 0% used [0x00000007b2800000,0x00000007b2800000,0x00000007bfe80000)
 ParOldGen       total 2078208K, used 1764978K [0x0000000701c00000, 0x0000000780980000, 0x0000000780980000)
  object space 2078208K, 84% used [0x0000000701c00000,0x000000076d79c8d0,0x0000000780980000)
 Metaspace       used 156984K, capacity 175620K, committed 175768K, reserved 1198080K
  class space    used 23243K, capacity 27456K, committed 27544K, reserved 1048576K
}

