# JRE version: Java(TM) SE Runtime Environment (8.0_271-b09) (build 1.8.0_271-b09)
# Java VM: Java HotSpot(TM) 64-Bit Server VM (25.271-b09 mixed mode windows-amd64 compressed oops)
Heap:
 PSYoungGen      total 934912K, used 384772K [0x000000076bc00000, 0x00000007c0000000, 0x00000007c0000000)
  eden space 569344K, 13% used [0x000000076bc00000,0x000000077061f318,0x000000078e800000)
  from space 365568K, 84% used [0x00000007a9b00000,0x00000007bc8a2098,0x00000007c0000000)
  to   space 405504K, 0% used [0x000000078e800000,0x000000078e800000,0x00000007a7400000)
 ParOldGen       total 2016768K, used 1822824K [0x00000006c3400000, 0x000000073e580000, 0x000000076bc00000)
  object space 2016768K, 90% used [0x00000006c3400000,0x000000073281a328,0x000000073e580000)
 Metaspace       used 148833K, capacity 165248K, committed 165504K, reserved 1187840K
  class space    used 22596K, capacity 26662K, committed 26752K, reserved 1048576K
GC Heap History (10 events):
Event: 227.091 GC heap before
{Heap before GC invocations=151 (full 5):
 PSYoungGen      total 905216K, used 670361K [0x000000076bc00000, 0x00000007b9200000, 0x00000007c0000000)
  eden space 548864K, 100% used [0x000000076bc00000,0x000000078d400000,0x000000078d400000)
  from space 356352K, 34% used [0x000000078d400000,0x0000000794aa6620,0x00000007a3000000)
  to   space 336384K, 0% used [0x00000007a4980000,0x00000007a4980000,0x00000007b9200000)
 ParOldGen       total 2016768K, used 1820322K [0x00000006c3400000, 0x000000073e580000, 0x000000076bc00000)
  object space 2016768K, 90% used [0x00000006c3400000,0x00000007325a8878,0x000000073e580000)
 Metaspace       used 138466K, capacity 152224K, committed 152448K, reserved 1177600K
  class space    used 21035K, capacity 24620K, committed 24704K, reserved 1048576K
Event: 227.130 GC heap after
Heap after GC invocations=151 (full 5):
 PSYoungGen      total 911872K, used 144745K [0x000000076bc00000, 0x00000007b7f00000, 0x00000007c0000000)
  eden space 594944K, 0% used [0x000000076bc00000,0x000000076bc00000,0x0000000790100000)
  from space 316928K, 45% used [0x00000007a4980000,0x00000007ad6da650,0x00000007b7f00000)
  to   space 326656K, 0% used [0x0000000790100000,0x0000000790100000,0x00000007a4000000)
 ParOldGen       total 2016768K, used 1820322K [0x00000006c3400000, 0x000000073e580000, 0x000000076bc00000)
  object space 2016768K, 90% used [0x00000006c3400000,0x00000007325a8878,0x000000073e580000)
 Metaspace       used 138466K, capacity 152224K, committed 152448K, reserved 1177600K
  class space    used 21035K, capacity 24620K, committed 24704K, reserved 1048576K
}
Event: 228.033 GC heap before
{Heap before GC invocations=152 (full 5):
 PSYoungGen      total 911872K, used 739689K [0x000000076bc00000, 0x00000007b7f00000, 0x00000007c0000000)
  eden space 594944K, 100% used [0x000000076bc00000,0x0000000790100000,0x0000000790100000)
  from space 316928K, 45% used [0x00000007a4980000,0x00000007ad6da650,0x00000007b7f00000)
  to   space 326656K, 0% used [0x0000000790100000,0x0000000790100000,0x00000007a4000000)
 ParOldGen       total 2016768K, used 1820322K [0x00000006c3400000, 0x000000073e580000, 0x000000076bc00000)
  object space 2016768K, 90% used [0x00000006c3400000,0x00000007325a8878,0x000000073e580000)
 Metaspace       used 139795K, capacity 153784K, committed 153984K, reserved 1177600K
  class space    used 21208K, capacity 24837K, committed 24960K, reserved 1048576K
Event: 228.082 GC heap after
Heap after GC invocations=152 (full 5):
 PSYoungGen      total 921600K, used 188676K [0x000000076bc00000, 0x00000007bbd80000, 0x00000007c0000000)
  eden space 594944K, 0% used [0x000000076bc00000,0x000000076bc00000,0x0000000790100000)
  from space 326656K, 57% used [0x0000000790100000,0x000000079b941210,0x00000007a4000000)
  to   space 332800K, 0% used [0x00000007a7880000,0x00000007a7880000,0x00000007bbd80000)
 ParOldGen       total 2016768K, used 1820330K [0x00000006c3400000, 0x000000073e580000, 0x000000076bc00000)
  object space 2016768K, 90% used [0x00000006c3400000,0x00000007325aa878,0x000000073e580000)
 Metaspace       used 139795K, capacity 153784K, committed 153984K, reserved 1177600K
  class space    used 21208K, capacity 24837K, committed 24960K, reserved 1048576K
}
Event: 228.696 GC heap before
{Heap before GC invocations=153 (full 5):
 PSYoungGen      total 921600K, used 783620K [0x000000076bc00000, 0x00000007bbd80000, 0x00000007c0000000)
  eden space 594944K, 100% used [0x000000076bc00000,0x0000000790100000,0x0000000790100000)
  from space 326656K, 57% used [0x0000000790100000,0x000000079b941210,0x00000007a4000000)
  to   space 332800K, 0% used [0x00000007a7880000,0x00000007a7880000,0x00000007bbd80000)
 ParOldGen       total 2016768K, used 1820330K [0x00000006c3400000, 0x000000073e580000, 0x000000076bc00000)
  object space 2016768K, 90% used [0x00000006c3400000,0x00000007325aa878,0x000000073e580000)
 Metaspace       used 139919K, capacity 153872K, committed 154240K, reserved 1179648K
  class space    used 21220K, capacity 24843K, committed 24960K, reserved 1048576K
Event: 228.742 GC heap after
Heap after GC invocations=153 (full 5):
 PSYoungGen      total 973312K, used 193803K [0x000000076bc00000, 0x00000007bcd80000, 0x00000007c0000000)
  eden space 640512K, 0% used [0x000000076bc00000,0x000000076bc00000,0x0000000792d80000)
  from space 332800K, 58% used [0x00000007a7880000,0x00000007b35c2ec0,0x00000007bbd80000)
  to   space 338944K, 0% used [0x0000000792d80000,0x0000000792d80000,0x00000007a7880000)
 ParOldGen       total 2016768K, used 1820338K [0x00000006c3400000, 0x000000073e580000, 0x000000076bc00000)
  object space 2016768K, 90% used [0x00000006c3400000,0x00000007325ac878,0x000000073e580000)
 Metaspace       used 139919K, capacity 153872K, committed 154240K, reserved 1179648K
  class space    used 21220K, capacity 24843K, committed 24960K, reserved 1048576K
}
Event: 230.141 GC heap before
{Heap before GC invocations=154 (full 5):
 PSYoungGen      total 973312K, used 834315K [0x000000076bc00000, 0x00000007bcd80000, 0x00000007c0000000)
  eden space 640512K, 100% used [0x000000076bc00000,0x0000000792d80000,0x0000000792d80000)
  from space 332800K, 58% used [0x00000007a7880000,0x00000007b35c2ec0,0x00000007bbd80000)
  to   space 338944K, 0% used [0x0000000792d80000,0x0000000792d80000,0x00000007a7880000)
 ParOldGen       total 2016768K, used 1822630K [0x00000006c3400000, 0x000000073e580000, 0x000000076bc00000)
  object space 2016768K, 90% used [0x00000006c3400000,0x00000007327e9b10,0x000000073e580000)
 Metaspace       used 146217K, capacity 161494K, committed 161536K, reserved 1185792K
  class space    used 22188K, capacity 26079K, committed 26112K, reserved 1048576K
Event: 230.208 GC heap after
Heap after GC invocations=154 (full 5):
 PSYoungGen      total 979456K, used 258077K [0x000000076bc00000, 0x00000007c0000000, 0x00000007c0000000)
  eden space 640512K, 0% used [0x000000076bc00000,0x000000076bc00000,0x0000000792d80000)
  from space 338944K, 76% used [0x0000000792d80000,0x00000007a2987788,0x00000007a7880000)
  to   space 365568K, 0% used [0x00000007a9b00000,0x00000007a9b00000,0x00000007c0000000)
 ParOldGen       total 2016768K, used 1822646K [0x00000006c3400000, 0x000000073e580000, 0x000000076bc00000)
  object space 2016768K, 90% used [0x00000006c3400000,0x00000007327edb10,0x000000073e580000)
 Metaspace       used 146217K, capacity 161494K, committed 161536K, reserved 1185792K
  class space    used 22188K, capacity 26079K, committed 26112K, reserved 1048576K
}
Event: 231.214 GC heap before
{Heap before GC invocations=155 (full 5):
 PSYoungGen      total 979456K, used 898589K [0x000000076bc00000, 0x00000007c0000000, 0x00000007c0000000)
  eden space 640512K, 100% used [0x000000076bc00000,0x0000000792d80000,0x0000000792d80000)
  from space 338944K, 76% used [0x0000000792d80000,0x00000007a2987788,0x00000007a7880000)
  to   space 365568K, 0% used [0x00000007a9b00000,0x00000007a9b00000,0x00000007c0000000)
 ParOldGen       total 2016768K, used 1822816K [0x00000006c3400000, 0x000000073e580000, 0x000000076bc00000)
  object space 2016768K, 90% used [0x00000006c3400000,0x0000000732818328,0x000000073e580000)
 Metaspace       used 148503K, capacity 164674K, committed 164864K, reserved 1187840K
  class space    used 22537K, capacity 26523K, committed 26624K, reserved 1048576K
Event: 231.290 GC heap after
Heap after GC invocations=155 (full 5):
 PSYoungGen      total 934912K, used 308872K [0x000000076bc00000, 0x00000007c0000000, 0x00000007c0000000)
  eden space 569344K, 0% used [0x000000076bc00000,0x000000076bc00000,0x000000078e800000)
  from space 365568K, 84% used [0x00000007a9b00000,0x00000007bc8a2098,0x00000007c0000000)
  to   space 405504K, 0% used [0x000000078e800000,0x000000078e800000,0x00000007a7400000)
 ParOldGen       total 2016768K, used 1822824K [0x00000006c3400000, 0x000000073e580000, 0x000000076bc00000)
  object space 2016768K, 90% used [0x00000006c3400000,0x000000073281a328,0x000000073e580000)
 Metaspace       used 148503K, capacity 164674K, committed 164864K, reserved 1187840K
  class space    used 22537K, capacity 26523K, committed 26624K, reserved 1048576K
}

