# JRE version: Java(TM) SE Runtime Environment (8.0_271-b09) (build 1.8.0_271-b09)
# Java VM: Java HotSpot(TM) 64-Bit Server VM (25.271-b09 mixed mode windows-amd64 compressed oops)
Heap:
 PSYoungGen      total 990720K, used 576710K [0x000000076bc00000, 0x00000007be000000, 0x00000007c0000000)
  eden space 649216K, 81% used [0x000000076bc00000,0x000000078bfc3f48,0x0000000793600000)
  from space 341504K, 14% used [0x00000007a9280000,0x00000007ac1eda18,0x00000007be000000)
  to   space 349184K, 0% used [0x0000000793600000,0x0000000793600000,0x00000007a8b00000)
 ParOldGen       total 2214912K, used 1495407K [0x00000006c3400000, 0x000000074a700000, 0x000000076bc00000)
  object space 2214912K, 67% used [0x00000006c3400000,0x000000071e85beb8,0x000000074a700000)
 Metaspace       used 149628K, capacity 166486K, committed 166824K, reserved 1189888K
  class space    used 22410K, capacity 26439K, committed 26536K, reserved 1048576K
GC Heap History (10 events):
Event: 184.696 GC heap before
{Heap before GC invocations=164 (full 6):
 PSYoungGen      total 755712K, used 624128K [0x000000076bc00000, 0x00000007be380000, 0x00000007c0000000)
  eden space 624128K, 100% used [0x000000076bc00000,0x0000000791d80000,0x0000000791d80000)
  from space 131584K, 0% used [0x0000000791d80000,0x0000000791d80000,0x0000000799e00000)
  to   space 363520K, 0% used [0x00000007a8080000,0x00000007a8080000,0x00000007be380000)
 ParOldGen       total 2214912K, used 1495383K [0x00000006c3400000, 0x000000074a700000, 0x000000076bc00000)
  object space 2214912K, 67% used [0x00000006c3400000,0x000000071e855eb8,0x000000074a700000)
 Metaspace       used 143009K, capacity 158474K, committed 158632K, reserved 1183744K
  class space    used 21413K, capacity 25180K, committed 25256K, reserved 1048576K
Event: 184.703 GC heap after
Heap after GC invocations=164 (full 6):
 PSYoungGen      total 979968K, used 8400K [0x000000076bc00000, 0x00000007c0000000, 0x00000007c0000000)
  eden space 616448K, 0% used [0x000000076bc00000,0x000000076bc00000,0x0000000791600000)
  from space 363520K, 2% used [0x00000007a8080000,0x00000007a88b4198,0x00000007be380000)
  to   space 371200K, 0% used [0x0000000791600000,0x0000000791600000,0x00000007a8080000)
 ParOldGen       total 2214912K, used 1495391K [0x00000006c3400000, 0x000000074a700000, 0x000000076bc00000)
  object space 2214912K, 67% used [0x00000006c3400000,0x000000071e857eb8,0x000000074a700000)
 Metaspace       used 143009K, capacity 158474K, committed 158632K, reserved 1183744K
  class space    used 21413K, capacity 25180K, committed 25256K, reserved 1048576K
}
Event: 185.205 GC heap before
{Heap before GC invocations=165 (full 6):
 PSYoungGen      total 979968K, used 624848K [0x000000076bc00000, 0x00000007c0000000, 0x00000007c0000000)
  eden space 616448K, 100% used [0x000000076bc00000,0x0000000791600000,0x0000000791600000)
  from space 363520K, 2% used [0x00000007a8080000,0x00000007a88b4198,0x00000007be380000)
  to   space 371200K, 0% used [0x0000000791600000,0x0000000791600000,0x00000007a8080000)
 ParOldGen       total 2214912K, used 1495391K [0x00000006c3400000, 0x000000074a700000, 0x000000076bc00000)
  object space 2214912K, 67% used [0x00000006c3400000,0x000000071e857eb8,0x000000074a700000)
 Metaspace       used 143071K, capacity 158562K, committed 158888K, reserved 1183744K
  class space    used 21414K, capacity 25180K, committed 25256K, reserved 1048576K
Event: 185.213 GC heap after
Heap after GC invocations=165 (full 6):
 PSYoungGen      total 987648K, used 13696K [0x000000076bc00000, 0x00000007c0000000, 0x00000007c0000000)
  eden space 616448K, 0% used [0x000000076bc00000,0x000000076bc00000,0x0000000791600000)
  from space 371200K, 3% used [0x0000000791600000,0x0000000792360210,0x00000007a8080000)
  to   space 372736K, 0% used [0x00000007a9400000,0x00000007a9400000,0x00000007c0000000)
 ParOldGen       total 2214912K, used 1495399K [0x00000006c3400000, 0x000000074a700000, 0x000000076bc00000)
  object space 2214912K, 67% used [0x00000006c3400000,0x000000071e859eb8,0x000000074a700000)
 Metaspace       used 143071K, capacity 158562K, committed 158888K, reserved 1183744K
  class space    used 21414K, capacity 25180K, committed 25256K, reserved 1048576K
}
Event: 185.793 GC heap before
{Heap before GC invocations=166 (full 6):
 PSYoungGen      total 987648K, used 630144K [0x000000076bc00000, 0x00000007c0000000, 0x00000007c0000000)
  eden space 616448K, 100% used [0x000000076bc00000,0x0000000791600000,0x0000000791600000)
  from space 371200K, 3% used [0x0000000791600000,0x0000000792360210,0x00000007a8080000)
  to   space 372736K, 0% used [0x00000007a9400000,0x00000007a9400000,0x00000007c0000000)
 ParOldGen       total 2214912K, used 1495399K [0x00000006c3400000, 0x000000074a700000, 0x000000076bc00000)
  object space 2214912K, 67% used [0x00000006c3400000,0x000000071e859eb8,0x000000074a700000)
 Metaspace       used 143100K, capacity 158638K, committed 158888K, reserved 1183744K
  class space    used 21416K, capacity 25182K, committed 25256K, reserved 1048576K
Event: 185.802 GC heap after
Heap after GC invocations=166 (full 6):
 PSYoungGen      total 1003520K, used 19537K [0x000000076bc00000, 0x00000007bfa80000, 0x00000007c0000000)
  eden space 636416K, 0% used [0x000000076bc00000,0x000000076bc00000,0x0000000792980000)
  from space 367104K, 5% used [0x00000007a9400000,0x00000007aa714468,0x00000007bfa80000)
  to   space 369152K, 0% used [0x0000000792980000,0x0000000792980000,0x00000007a9200000)
 ParOldGen       total 2214912K, used 1495399K [0x00000006c3400000, 0x000000074a700000, 0x000000076bc00000)
  object space 2214912K, 67% used [0x00000006c3400000,0x000000071e859eb8,0x000000074a700000)
 Metaspace       used 143100K, capacity 158638K, committed 158888K, reserved 1183744K
  class space    used 21416K, capacity 25182K, committed 25256K, reserved 1048576K
}
Event: 186.322 GC heap before
{Heap before GC invocations=167 (full 6):
 PSYoungGen      total 1003520K, used 655953K [0x000000076bc00000, 0x00000007bfa80000, 0x00000007c0000000)
  eden space 636416K, 100% used [0x000000076bc00000,0x0000000792980000,0x0000000792980000)
  from space 367104K, 5% used [0x00000007a9400000,0x00000007aa714468,0x00000007bfa80000)
  to   space 369152K, 0% used [0x0000000792980000,0x0000000792980000,0x00000007a9200000)
 ParOldGen       total 2214912K, used 1495399K [0x00000006c3400000, 0x000000074a700000, 0x000000076bc00000)
  object space 2214912K, 67% used [0x00000006c3400000,0x000000071e859eb8,0x000000074a700000)
 Metaspace       used 143142K, capacity 158658K, committed 158888K, reserved 1183744K
  class space    used 21416K, capacity 25182K, committed 25256K, reserved 1048576K
Event: 186.331 GC heap after
Heap after GC invocations=167 (full 6):
 PSYoungGen      total 1005568K, used 25025K [0x000000076bc00000, 0x00000007bf400000, 0x00000007c0000000)
  eden space 636416K, 0% used [0x000000076bc00000,0x000000076bc00000,0x0000000792980000)
  from space 369152K, 6% used [0x0000000792980000,0x00000007941f04c0,0x00000007a9200000)
  to   space 361984K, 0% used [0x00000007a9280000,0x00000007a9280000,0x00000007bf400000)
 ParOldGen       total 2214912K, used 1495399K [0x00000006c3400000, 0x000000074a700000, 0x000000076bc00000)
  object space 2214912K, 67% used [0x00000006c3400000,0x000000071e859eb8,0x000000074a700000)
 Metaspace       used 143142K, capacity 158658K, committed 158888K, reserved 1183744K
  class space    used 21416K, capacity 25182K, committed 25256K, reserved 1048576K
}
Event: 187.380 GC heap before
{Heap before GC invocations=168 (full 6):
 PSYoungGen      total 1005568K, used 661441K [0x000000076bc00000, 0x00000007bf400000, 0x00000007c0000000)
  eden space 636416K, 100% used [0x000000076bc00000,0x0000000792980000,0x0000000792980000)
  from space 369152K, 6% used [0x0000000792980000,0x00000007941f04c0,0x00000007a9200000)
  to   space 361984K, 0% used [0x00000007a9280000,0x00000007a9280000,0x00000007bf400000)
 ParOldGen       total 2214912K, used 1495399K [0x00000006c3400000, 0x000000074a700000, 0x000000076bc00000)
  object space 2214912K, 67% used [0x00000006c3400000,0x000000071e859eb8,0x000000074a700000)
 Metaspace       used 148010K, capacity 164286K, committed 164392K, reserved 1187840K
  class space    used 22157K, capacity 26051K, committed 26152K, reserved 1048576K
Event: 187.394 GC heap after
Heap after GC invocations=168 (full 6):
 PSYoungGen      total 990720K, used 48566K [0x000000076bc00000, 0x00000007be000000, 0x00000007c0000000)
  eden space 649216K, 0% used [0x000000076bc00000,0x000000076bc00000,0x0000000793600000)
  from space 341504K, 14% used [0x00000007a9280000,0x00000007ac1eda18,0x00000007be000000)
  to   space 349184K, 0% used [0x0000000793600000,0x0000000793600000,0x00000007a8b00000)
 ParOldGen       total 2214912K, used 1495407K [0x00000006c3400000, 0x000000074a700000, 0x000000076bc00000)
  object space 2214912K, 67% used [0x00000006c3400000,0x000000071e85beb8,0x000000074a700000)
 Metaspace       used 148010K, capacity 164286K, committed 164392K, reserved 1187840K
  class space    used 22157K, capacity 26051K, committed 26152K, reserved 1048576K
}

