# JRE version: Java(TM) SE Runtime Environment (8.0_271-b09) (build 1.8.0_271-b09)
# Java VM: Java HotSpot(TM) 64-Bit Server VM (25.271-b09 mixed mode windows-amd64 compressed oops)
Heap:
 PSYoungGen      total 768000K, used 136804K [0x0000000780980000, 0x00000007bda80000, 0x00000007c0000000)
  eden space 543232K, 16% used [0x0000000780980000,0x00000007860c2e60,0x00000007a1c00000)
  from space 224768K, 21% used [0x00000007a1c00000,0x00000007a4a564e8,0x00000007af780000)
  to   space 223232K, 0% used [0x00000007b0080000,0x00000007b0080000,0x00000007bda80000)
 ParOldGen       total 1927680K, used 1160077K [0x0000000701c00000, 0x0000000777680000, 0x0000000780980000)
  object space 1927680K, 60% used [0x0000000701c00000,0x00000007488e3698,0x0000000777680000)
 Metaspace       used 117816K, capacity 133698K, committed 133760K, reserved 1163264K
  class space    used 16340K, capacity 19838K, committed 19840K, reserved 1048576K
GC Heap History (10 events):
Event: 152.086 GC heap before
{Heap before GC invocations=158 (full 4):
 PSYoungGen      total 736256K, used 633502K [0x0000000780980000, 0x00000007bab80000, 0x00000007c0000000)
  eden space 527872K, 99% used [0x0000000780980000,0x00000007a0cdf318,0x00000007a0d00000)
  from space 208384K, 50% used [0x00000007a0d00000,0x00000007a7448710,0x00000007ad880000)
  to   space 206336K, 0% used [0x00000007ae200000,0x00000007ae200000,0x00000007bab80000)
 ParOldGen       total 1216000K, used 1192313K [0x0000000701c00000, 0x000000074bf80000, 0x0000000780980000)
  object space 1216000K, 98% used [0x0000000701c00000,0x000000074a85e500,0x000000074bf80000)
 Metaspace       used 117037K, capacity 132448K, committed 132608K, reserved 1163264K
  class space    used 16211K, capacity 19651K, committed 19712K, reserved 1048576K
Event: 152.108 GC heap after
Heap after GC invocations=158 (full 4):
 PSYoungGen      total 740864K, used 100851K [0x0000000780980000, 0x00000007ba780000, 0x00000007c0000000)
  eden space 538624K, 0% used [0x0000000780980000,0x0000000780980000,0x00000007a1780000)
  from space 202240K, 49% used [0x00000007ae200000,0x00000007b447cf68,0x00000007ba780000)
  to   space 204800K, 0% used [0x00000007a1780000,0x00000007a1780000,0x00000007adf80000)
 ParOldGen       total 1216000K, used 1203467K [0x0000000701c00000, 0x000000074bf80000, 0x0000000780980000)
  object space 1216000K, 98% used [0x0000000701c00000,0x000000074b342cd0,0x000000074bf80000)
 Metaspace       used 117037K, capacity 132448K, committed 132608K, reserved 1163264K
  class space    used 16211K, capacity 19651K, committed 19712K, reserved 1048576K
}
Event: 152.108 GC heap before
{Heap before GC invocations=159 (full 5):
 PSYoungGen      total 740864K, used 100851K [0x0000000780980000, 0x00000007ba780000, 0x00000007c0000000)
  eden space 538624K, 0% used [0x0000000780980000,0x0000000780980000,0x00000007a1780000)
  from space 202240K, 49% used [0x00000007ae200000,0x00000007b447cf68,0x00000007ba780000)
  to   space 204800K, 0% used [0x00000007a1780000,0x00000007a1780000,0x00000007adf80000)
 ParOldGen       total 1216000K, used 1203467K [0x0000000701c00000, 0x000000074bf80000, 0x0000000780980000)
  object space 1216000K, 98% used [0x0000000701c00000,0x000000074b342cd0,0x000000074bf80000)
 Metaspace       used 117037K, capacity 132448K, committed 132608K, reserved 1163264K
  class space    used 16211K, capacity 19651K, committed 19712K, reserved 1048576K
Event: 152.607 GC heap after
Heap after GC invocations=159 (full 5):
 PSYoungGen      total 740864K, used 0K [0x0000000780980000, 0x00000007ba780000, 0x00000007c0000000)
  eden space 538624K, 0% used [0x0000000780980000,0x0000000780980000,0x00000007a1780000)
  from space 202240K, 0% used [0x00000007ae200000,0x00000007ae200000,0x00000007ba780000)
  to   space 204800K, 0% used [0x00000007a1780000,0x00000007a1780000,0x00000007adf80000)
 ParOldGen       total 1927680K, used 1160061K [0x0000000701c00000, 0x0000000777680000, 0x0000000780980000)
  object space 1927680K, 60% used [0x0000000701c00000,0x00000007488df698,0x0000000777680000)
 Metaspace       used 117035K, capacity 132442K, committed 132608K, reserved 1163264K
  class space    used 16211K, capacity 19650K, committed 19712K, reserved 1048576K
}
Event: 157.975 GC heap before
{Heap before GC invocations=160 (full 5):
 PSYoungGen      total 740864K, used 538624K [0x0000000780980000, 0x00000007ba780000, 0x00000007c0000000)
  eden space 538624K, 100% used [0x0000000780980000,0x00000007a1780000,0x00000007a1780000)
  from space 202240K, 0% used [0x00000007ae200000,0x00000007ae200000,0x00000007ba780000)
  to   space 204800K, 0% used [0x00000007a1780000,0x00000007a1780000,0x00000007adf80000)
 ParOldGen       total 1927680K, used 1160061K [0x0000000701c00000, 0x0000000777680000, 0x0000000780980000)
  object space 1927680K, 60% used [0x0000000701c00000,0x00000007488df698,0x0000000777680000)
 Metaspace       used 117076K, capacity 132556K, committed 132864K, reserved 1163264K
  class space    used 16215K, capacity 19657K, committed 19712K, reserved 1048576K
Event: 157.984 GC heap after
Heap after GC invocations=160 (full 5):
 PSYoungGen      total 743424K, used 7483K [0x0000000780980000, 0x00000007bcc80000, 0x00000007c0000000)
  eden space 538624K, 0% used [0x0000000780980000,0x0000000780980000,0x00000007a1780000)
  from space 204800K, 3% used [0x00000007a1780000,0x00000007a1ececc0,0x00000007adf80000)
  to   space 218112K, 0% used [0x00000007af780000,0x00000007af780000,0x00000007bcc80000)
 ParOldGen       total 1927680K, used 1160061K [0x0000000701c00000, 0x0000000777680000, 0x0000000780980000)
  object space 1927680K, 60% used [0x0000000701c00000,0x00000007488df698,0x0000000777680000)
 Metaspace       used 117076K, capacity 132556K, committed 132864K, reserved 1163264K
  class space    used 16215K, capacity 19657K, committed 19712K, reserved 1048576K
}
Event: 162.079 GC heap before
{Heap before GC invocations=161 (full 5):
 PSYoungGen      total 743424K, used 546107K [0x0000000780980000, 0x00000007bcc80000, 0x00000007c0000000)
  eden space 538624K, 100% used [0x0000000780980000,0x00000007a1780000,0x00000007a1780000)
  from space 204800K, 3% used [0x00000007a1780000,0x00000007a1ececc0,0x00000007adf80000)
  to   space 218112K, 0% used [0x00000007af780000,0x00000007af780000,0x00000007bcc80000)
 ParOldGen       total 1927680K, used 1160061K [0x0000000701c00000, 0x0000000777680000, 0x0000000780980000)
  object space 1927680K, 60% used [0x0000000701c00000,0x00000007488df698,0x0000000777680000)
 Metaspace       used 117501K, capacity 133126K, committed 133248K, reserved 1163264K
  class space    used 16289K, capacity 19770K, committed 19840K, reserved 1048576K
Event: 162.087 GC heap after
Heap after GC invocations=161 (full 5):
 PSYoungGen      total 761344K, used 19842K [0x0000000780980000, 0x00000007bd780000, 0x00000007c0000000)
  eden space 543232K, 0% used [0x0000000780980000,0x0000000780980000,0x00000007a1c00000)
  from space 218112K, 9% used [0x00000007af780000,0x00000007b0ae0be8,0x00000007bcc80000)
  to   space 224768K, 0% used [0x00000007a1c00000,0x00000007a1c00000,0x00000007af780000)
 ParOldGen       total 1927680K, used 1160069K [0x0000000701c00000, 0x0000000777680000, 0x0000000780980000)
  object space 1927680K, 60% used [0x0000000701c00000,0x00000007488e1698,0x0000000777680000)
 Metaspace       used 117501K, capacity 133126K, committed 133248K, reserved 1163264K
  class space    used 16289K, capacity 19770K, committed 19840K, reserved 1048576K
}
Event: 163.099 GC heap before
{Heap before GC invocations=162 (full 5):
 PSYoungGen      total 761344K, used 563074K [0x0000000780980000, 0x00000007bd780000, 0x00000007c0000000)
  eden space 543232K, 100% used [0x0000000780980000,0x00000007a1c00000,0x00000007a1c00000)
  from space 218112K, 9% used [0x00000007af780000,0x00000007b0ae0be8,0x00000007bcc80000)
  to   space 224768K, 0% used [0x00000007a1c00000,0x00000007a1c00000,0x00000007af780000)
 ParOldGen       total 1927680K, used 1160069K [0x0000000701c00000, 0x0000000777680000, 0x0000000780980000)
  object space 1927680K, 60% used [0x0000000701c00000,0x00000007488e1698,0x0000000777680000)
 Metaspace       used 117739K, capacity 133524K, committed 133760K, reserved 1163264K
  class space    used 16324K, capacity 19817K, committed 19840K, reserved 1048576K
Event: 163.111 GC heap after
Heap after GC invocations=162 (full 5):
 PSYoungGen      total 768000K, used 47449K [0x0000000780980000, 0x00000007bda80000, 0x00000007c0000000)
  eden space 543232K, 0% used [0x0000000780980000,0x0000000780980000,0x00000007a1c00000)
  from space 224768K, 21% used [0x00000007a1c00000,0x00000007a4a564e8,0x00000007af780000)
  to   space 223232K, 0% used [0x00000007b0080000,0x00000007b0080000,0x00000007bda80000)
 ParOldGen       total 1927680K, used 1160077K [0x0000000701c00000, 0x0000000777680000, 0x0000000780980000)
  object space 1927680K, 60% used [0x0000000701c00000,0x00000007488e3698,0x0000000777680000)
 Metaspace       used 117739K, capacity 133524K, committed 133760K, reserved 1163264K
  class space    used 16324K, capacity 19817K, committed 19840K, reserved 1048576K
}

