# JRE version: Java(TM) SE Runtime Environment (8.0_271-b09) (build 1.8.0_271-b09)
# Java VM: Java HotSpot(TM) 64-Bit Server VM (25.271-b09 mixed mode windows-amd64 compressed oops)
Heap:
 PSYoungGen      total 1209344K, used 1114256K [0x000000076bc00000, 0x00000007bfb80000, 0x00000007c0000000)
  eden space 1046016K, 98% used [0x000000076bc00000,0x00000007aabdb3f0,0x00000007ab980000)
  from space 163328K, 50% used [0x00000007ab980000,0x00000007b09c8df8,0x00000007b5900000)
  to   space 161280K, 0% used [0x00000007b5e00000,0x00000007b5e00000,0x00000007bfb80000)
 ParOldGen       total 2005504K, used 1813842K [0x00000006c3400000, 0x000000073da80000, 0x000000076bc00000)
  object space 2005504K, 90% used [0x00000006c3400000,0x0000000731f54bb0,0x000000073da80000)
 Metaspace       used 157970K, capacity 177583K, committed 177832K, reserved 1200128K
  class space    used 23102K, capacity 27440K, committed 27560K, reserved 1048576K
GC Heap History (10 events):
Event: 233.538 GC heap before
{Heap before GC invocations=184 (full 5):
 PSYoungGen      total 1205248K, used 1126909K [0x000000076bc00000, 0x00000007bfc00000, 0x00000007c0000000)
  eden space 1033216K, 100% used [0x000000076bc00000,0x00000007aad00000,0x00000007aad00000)
  from space 172032K, 54% used [0x00000007b5380000,0x00000007baeff638,0x00000007bfb80000)
  to   space 170496K, 0% used [0x00000007aad00000,0x00000007aad00000,0x00000007b5380000)
 ParOldGen       total 2005504K, used 1781230K [0x00000006c3400000, 0x000000073da80000, 0x000000076bc00000)
  object space 2005504K, 88% used [0x00000006c3400000,0x000000072ff7b940,0x000000073da80000)
 Metaspace       used 157008K, capacity 175977K, committed 176040K, reserved 1198080K
  class space    used 22966K, capacity 27245K, committed 27304K, reserved 1048576K
Event: 233.558 GC heap after
Heap after GC invocations=184 (full 5):
 PSYoungGen      total 1203712K, used 87442K [0x000000076bc00000, 0x00000007bfc80000, 0x00000007c0000000)
  eden space 1033216K, 0% used [0x000000076bc00000,0x000000076bc00000,0x00000007aad00000)
  from space 170496K, 51% used [0x00000007aad00000,0x00000007b0264b78,0x00000007b5380000)
  to   space 169472K, 0% used [0x00000007b5700000,0x00000007b5700000,0x00000007bfc80000)
 ParOldGen       total 2005504K, used 1787269K [0x00000006c3400000, 0x000000073da80000, 0x000000076bc00000)
  object space 2005504K, 89% used [0x00000006c3400000,0x00000007305614a8,0x000000073da80000)
 Metaspace       used 157008K, capacity 175977K, committed 176040K, reserved 1198080K
  class space    used 22966K, capacity 27245K, committed 27304K, reserved 1048576K
}
Event: 243.426 GC heap before
{Heap before GC invocations=185 (full 5):
 PSYoungGen      total 1203712K, used 1120658K [0x000000076bc00000, 0x00000007bfc80000, 0x00000007c0000000)
  eden space 1033216K, 100% used [0x000000076bc00000,0x00000007aad00000,0x00000007aad00000)
  from space 170496K, 51% used [0x00000007aad00000,0x00000007b0264b78,0x00000007b5380000)
  to   space 169472K, 0% used [0x00000007b5700000,0x00000007b5700000,0x00000007bfc80000)
 ParOldGen       total 2005504K, used 1787269K [0x00000006c3400000, 0x000000073da80000, 0x000000076bc00000)
  object space 2005504K, 89% used [0x00000006c3400000,0x00000007305614a8,0x000000073da80000)
 Metaspace       used 157087K, capacity 176073K, committed 176296K, reserved 1198080K
  class space    used 22975K, capacity 27253K, committed 27304K, reserved 1048576K
Event: 243.445 GC heap after
Heap after GC invocations=185 (full 5):
 PSYoungGen      total 1208320K, used 87588K [0x000000076bc00000, 0x00000007bfc00000, 0x00000007c0000000)
  eden space 1039360K, 0% used [0x000000076bc00000,0x000000076bc00000,0x00000007ab300000)
  from space 168960K, 51% used [0x00000007b5700000,0x00000007bac891f8,0x00000007bfc00000)
  to   space 167936K, 0% used [0x00000007ab300000,0x00000007ab300000,0x00000007b5700000)
 ParOldGen       total 2005504K, used 1793403K [0x00000006c3400000, 0x000000073da80000, 0x000000076bc00000)
  object space 2005504K, 89% used [0x00000006c3400000,0x0000000730b5ee58,0x000000073da80000)
 Metaspace       used 157087K, capacity 176073K, committed 176296K, reserved 1198080K
  class space    used 22975K, capacity 27253K, committed 27304K, reserved 1048576K
}
Event: 252.917 GC heap before
{Heap before GC invocations=186 (full 5):
 PSYoungGen      total 1208320K, used 1126948K [0x000000076bc00000, 0x00000007bfc00000, 0x00000007c0000000)
  eden space 1039360K, 100% used [0x000000076bc00000,0x00000007ab300000,0x00000007ab300000)
  from space 168960K, 51% used [0x00000007b5700000,0x00000007bac891f8,0x00000007bfc00000)
  to   space 167936K, 0% used [0x00000007ab300000,0x00000007ab300000,0x00000007b5700000)
 ParOldGen       total 2005504K, used 1793403K [0x00000006c3400000, 0x000000073da80000, 0x000000076bc00000)
  object space 2005504K, 89% used [0x00000006c3400000,0x0000000730b5ee58,0x000000073da80000)
 Metaspace       used 157135K, capacity 176157K, committed 176296K, reserved 1198080K
  class space    used 22975K, capacity 27253K, committed 27304K, reserved 1048576K
Event: 252.937 GC heap after
Heap after GC invocations=186 (full 5):
 PSYoungGen      total 1207296K, used 86936K [0x000000076bc00000, 0x00000007bfb00000, 0x00000007c0000000)
  eden space 1039360K, 0% used [0x000000076bc00000,0x000000076bc00000,0x00000007ab300000)
  from space 167936K, 51% used [0x00000007ab300000,0x00000007b07e62f0,0x00000007b5700000)
  to   space 165888K, 0% used [0x00000007b5900000,0x00000007b5900000,0x00000007bfb00000)
 ParOldGen       total 2005504K, used 1799771K [0x00000006c3400000, 0x000000073da80000, 0x000000076bc00000)
  object space 2005504K, 89% used [0x00000006c3400000,0x0000000731196d28,0x000000073da80000)
 Metaspace       used 157135K, capacity 176157K, committed 176296K, reserved 1198080K
  class space    used 22975K, capacity 27253K, committed 27304K, reserved 1048576K
}
Event: 262.474 GC heap before
{Heap before GC invocations=187 (full 5):
 PSYoungGen      total 1207296K, used 1126296K [0x000000076bc00000, 0x00000007bfb00000, 0x00000007c0000000)
  eden space 1039360K, 100% used [0x000000076bc00000,0x00000007ab300000,0x00000007ab300000)
  from space 167936K, 51% used [0x00000007ab300000,0x00000007b07e62f0,0x00000007b5700000)
  to   space 165888K, 0% used [0x00000007b5900000,0x00000007b5900000,0x00000007bfb00000)
 ParOldGen       total 2005504K, used 1799771K [0x00000006c3400000, 0x000000073da80000, 0x000000076bc00000)
  object space 2005504K, 89% used [0x00000006c3400000,0x0000000731196d28,0x000000073da80000)
 Metaspace       used 157164K, capacity 176283K, committed 176552K, reserved 1198080K
  class space    used 22978K, capacity 27258K, committed 27304K, reserved 1048576K
Event: 262.494 GC heap after
Heap after GC invocations=187 (full 5):
 PSYoungGen      total 1209856K, used 86560K [0x000000076bc00000, 0x00000007bf900000, 0x00000007c0000000)
  eden space 1046016K, 0% used [0x000000076bc00000,0x000000076bc00000,0x00000007ab980000)
  from space 163840K, 52% used [0x00000007b5900000,0x00000007bad88218,0x00000007bf900000)
  to   space 163328K, 0% used [0x00000007ab980000,0x00000007ab980000,0x00000007b5900000)
 ParOldGen       total 2005504K, used 1807039K [0x00000006c3400000, 0x000000073da80000, 0x000000076bc00000)
  object space 2005504K, 90% used [0x00000006c3400000,0x00000007318afea0,0x000000073da80000)
 Metaspace       used 157164K, capacity 176283K, committed 176552K, reserved 1198080K
  class space    used 22978K, capacity 27258K, committed 27304K, reserved 1048576K
}
Event: 272.350 GC heap before
{Heap before GC invocations=188 (full 5):
 PSYoungGen      total 1209856K, used 1132576K [0x000000076bc00000, 0x00000007bf900000, 0x00000007c0000000)
  eden space 1046016K, 100% used [0x000000076bc00000,0x00000007ab980000,0x00000007ab980000)
  from space 163840K, 52% used [0x00000007b5900000,0x00000007bad88218,0x00000007bf900000)
  to   space 163328K, 0% used [0x00000007ab980000,0x00000007ab980000,0x00000007b5900000)
 ParOldGen       total 2005504K, used 1807039K [0x00000006c3400000, 0x000000073da80000, 0x000000076bc00000)
  object space 2005504K, 90% used [0x00000006c3400000,0x00000007318afea0,0x000000073da80000)
 Metaspace       used 157189K, capacity 176283K, committed 176552K, reserved 1198080K
  class space    used 22978K, capacity 27258K, committed 27304K, reserved 1048576K
Event: 272.369 GC heap after
Heap after GC invocations=188 (full 5):
 PSYoungGen      total 1209344K, used 82211K [0x000000076bc00000, 0x00000007bfb80000, 0x00000007c0000000)
  eden space 1046016K, 0% used [0x000000076bc00000,0x000000076bc00000,0x00000007ab980000)
  from space 163328K, 50% used [0x00000007ab980000,0x00000007b09c8df8,0x00000007b5900000)
  to   space 161280K, 0% used [0x00000007b5e00000,0x00000007b5e00000,0x00000007bfb80000)
 ParOldGen       total 2005504K, used 1813842K [0x00000006c3400000, 0x000000073da80000, 0x000000076bc00000)
  object space 2005504K, 90% used [0x00000006c3400000,0x0000000731f54bb0,0x000000073da80000)
 Metaspace       used 157189K, capacity 176283K, committed 176552K, reserved 1198080K
  class space    used 22978K, capacity 27258K, committed 27304K, reserved 1048576K
}

