# JRE version: Java(TM) SE Runtime Environment (8.0_271-b09) (build 1.8.0_271-b09)
# Java VM: Java HotSpot(TM) 64-Bit Server VM (25.271-b09 mixed mode windows-amd64 compressed oops)
Heap:
 PSYoungGen      total 617472K, used 177808K [0x0000000780980000, 0x00000007b7f00000, 0x00000007c0000000)
  eden space 355840K, 45% used [0x0000000780980000,0x000000078a9189d0,0x0000000796500000)
  from space 261632K, 5% used [0x00000007a7f80000,0x00000007a8d8b920,0x00000007b7f00000)
  to   space 275456K, 0% used [0x0000000796500000,0x0000000796500000,0x00000007a7200000)
 ParOldGen       total 1373696K, used 1100990K [0x0000000701c00000, 0x0000000755980000, 0x0000000780980000)
  object space 1373696K, 80% used [0x0000000701c00000,0x0000000744f2fa48,0x0000000755980000)
 Metaspace       used 115796K, capacity 130904K, committed 131200K, reserved 1161216K
  class space    used 16184K, capacity 19542K, committed 19584K, reserved 1048576K
GC Heap History (10 events):
Event: 103.954 GC heap before
{Heap before GC invocations=130 (full 4):
 PSYoungGen      total 358400K, used 358330K [0x0000000780980000, 0x00000007bf080000, 0x00000007c0000000)
  eden space 346624K, 100% used [0x0000000780980000,0x0000000795c00000,0x0000000795c00000)
  from space 11776K, 99% used [0x0000000795c00000,0x000000079676e980,0x0000000796780000)
  to   space 335872K, 0% used [0x00000007aa880000,0x00000007aa880000,0x00000007bf080000)
 ParOldGen       total 1373696K, used 1100982K [0x0000000701c00000, 0x0000000755980000, 0x0000000780980000)
  object space 1373696K, 80% used [0x0000000701c00000,0x0000000744f2da48,0x0000000755980000)
 Metaspace       used 115300K, capacity 130118K, committed 130304K, reserved 1161216K
  class space    used 16106K, capacity 19411K, committed 19456K, reserved 1048576K
Event: 103.962 GC heap after
Heap after GC invocations=130 (full 4):
 PSYoungGen      total 665600K, used 12907K [0x0000000780980000, 0x00000007bdc00000, 0x00000007c0000000)
  eden space 350720K, 0% used [0x0000000780980000,0x0000000780980000,0x0000000796000000)
  from space 314880K, 4% used [0x00000007aa880000,0x00000007ab51ae48,0x00000007bdc00000)
  to   space 325632K, 0% used [0x0000000796000000,0x0000000796000000,0x00000007a9e00000)
 ParOldGen       total 1373696K, used 1100982K [0x0000000701c00000, 0x0000000755980000, 0x0000000780980000)
  object space 1373696K, 80% used [0x0000000701c00000,0x0000000744f2da48,0x0000000755980000)
 Metaspace       used 115300K, capacity 130118K, committed 130304K, reserved 1161216K
  class space    used 16106K, capacity 19411K, committed 19456K, reserved 1048576K
}
Event: 108.204 GC heap before
{Heap before GC invocations=131 (full 4):
 PSYoungGen      total 665600K, used 363627K [0x0000000780980000, 0x00000007bdc00000, 0x00000007c0000000)
  eden space 350720K, 100% used [0x0000000780980000,0x0000000796000000,0x0000000796000000)
  from space 314880K, 4% used [0x00000007aa880000,0x00000007ab51ae48,0x00000007bdc00000)
  to   space 325632K, 0% used [0x0000000796000000,0x0000000796000000,0x00000007a9e00000)
 ParOldGen       total 1373696K, used 1100982K [0x0000000701c00000, 0x0000000755980000, 0x0000000780980000)
  object space 1373696K, 80% used [0x0000000701c00000,0x0000000744f2da48,0x0000000755980000)
 Metaspace       used 115309K, capacity 130182K, committed 130304K, reserved 1161216K
  class space    used 16106K, capacity 19411K, committed 19456K, reserved 1048576K
Event: 108.212 GC heap after
Heap after GC invocations=131 (full 4):
 PSYoungGen      total 364544K, used 13542K [0x0000000780980000, 0x00000007bc980000, 0x00000007c0000000)
  eden space 350720K, 0% used [0x0000000780980000,0x0000000780980000,0x0000000796000000)
  from space 13824K, 97% used [0x0000000796000000,0x0000000796d398a8,0x0000000796d80000)
  to   space 314368K, 0% used [0x00000007a9680000,0x00000007a9680000,0x00000007bc980000)
 ParOldGen       total 1373696K, used 1100982K [0x0000000701c00000, 0x0000000755980000, 0x0000000780980000)
  object space 1373696K, 80% used [0x0000000701c00000,0x0000000744f2da48,0x0000000755980000)
 Metaspace       used 115309K, capacity 130182K, committed 130304K, reserved 1161216K
  class space    used 16106K, capacity 19411K, committed 19456K, reserved 1048576K
}
Event: 112.498 GC heap before
{Heap before GC invocations=132 (full 4):
 PSYoungGen      total 364544K, used 364262K [0x0000000780980000, 0x00000007bc980000, 0x00000007c0000000)
  eden space 350720K, 100% used [0x0000000780980000,0x0000000796000000,0x0000000796000000)
  from space 13824K, 97% used [0x0000000796000000,0x0000000796d398a8,0x0000000796d80000)
  to   space 314368K, 0% used [0x00000007a9680000,0x00000007a9680000,0x00000007bc980000)
 ParOldGen       total 1373696K, used 1100982K [0x0000000701c00000, 0x0000000755980000, 0x0000000780980000)
  object space 1373696K, 80% used [0x0000000701c00000,0x0000000744f2da48,0x0000000755980000)
 Metaspace       used 115333K, capacity 130196K, committed 130304K, reserved 1161216K
  class space    used 16108K, capacity 19412K, committed 19456K, reserved 1048576K
Event: 112.507 GC heap after
Heap after GC invocations=132 (full 4):
 PSYoungGen      total 643072K, used 14362K [0x0000000780980000, 0x00000007bb100000, 0x00000007c0000000)
  eden space 353792K, 0% used [0x0000000780980000,0x0000000780980000,0x0000000796300000)
  from space 289280K, 4% used [0x00000007a9680000,0x00000007aa486b18,0x00000007bb100000)
  to   space 302080K, 0% used [0x0000000796300000,0x0000000796300000,0x00000007a8a00000)
 ParOldGen       total 1373696K, used 1100990K [0x0000000701c00000, 0x0000000755980000, 0x0000000780980000)
  object space 1373696K, 80% used [0x0000000701c00000,0x0000000744f2fa48,0x0000000755980000)
 Metaspace       used 115333K, capacity 130196K, committed 130304K, reserved 1161216K
  class space    used 16108K, capacity 19412K, committed 19456K, reserved 1048576K
}
Event: 117.152 GC heap before
{Heap before GC invocations=133 (full 4):
 PSYoungGen      total 643072K, used 368154K [0x0000000780980000, 0x00000007bb100000, 0x00000007c0000000)
  eden space 353792K, 100% used [0x0000000780980000,0x0000000796300000,0x0000000796300000)
  from space 289280K, 4% used [0x00000007a9680000,0x00000007aa486b18,0x00000007bb100000)
  to   space 302080K, 0% used [0x0000000796300000,0x0000000796300000,0x00000007a8a00000)
 ParOldGen       total 1373696K, used 1100990K [0x0000000701c00000, 0x0000000755980000, 0x0000000780980000)
  object space 1373696K, 80% used [0x0000000701c00000,0x0000000744f2fa48,0x0000000755980000)
 Metaspace       used 115349K, capacity 130202K, committed 130304K, reserved 1161216K
  class space    used 16109K, capacity 19413K, committed 19456K, reserved 1048576K
Event: 117.161 GC heap after
Heap after GC invocations=133 (full 4):
 PSYoungGen      total 368640K, used 14346K [0x0000000780980000, 0x00000007b9980000, 0x00000007c0000000)
  eden space 353792K, 0% used [0x0000000780980000,0x0000000780980000,0x0000000796300000)
  from space 14848K, 96% used [0x0000000796300000,0x0000000797102840,0x0000000797180000)
  to   space 288768K, 0% used [0x00000007a7f80000,0x00000007a7f80000,0x00000007b9980000)
 ParOldGen       total 1373696K, used 1100990K [0x0000000701c00000, 0x0000000755980000, 0x0000000780980000)
  object space 1373696K, 80% used [0x0000000701c00000,0x0000000744f2fa48,0x0000000755980000)
 Metaspace       used 115349K, capacity 130202K, committed 130304K, reserved 1161216K
  class space    used 16109K, capacity 19413K, committed 19456K, reserved 1048576K
}
Event: 122.024 GC heap before
{Heap before GC invocations=134 (full 4):
 PSYoungGen      total 368640K, used 368138K [0x0000000780980000, 0x00000007b9980000, 0x00000007c0000000)
  eden space 353792K, 100% used [0x0000000780980000,0x0000000796300000,0x0000000796300000)
  from space 14848K, 96% used [0x0000000796300000,0x0000000797102840,0x0000000797180000)
  to   space 288768K, 0% used [0x00000007a7f80000,0x00000007a7f80000,0x00000007b9980000)
 ParOldGen       total 1373696K, used 1100990K [0x0000000701c00000, 0x0000000755980000, 0x0000000780980000)
  object space 1373696K, 80% used [0x0000000701c00000,0x0000000744f2fa48,0x0000000755980000)
 Metaspace       used 115375K, capacity 130216K, committed 130304K, reserved 1161216K
  class space    used 16109K, capacity 19414K, committed 19456K, reserved 1048576K
Event: 122.032 GC heap after
Heap after GC invocations=134 (full 4):
 PSYoungGen      total 617472K, used 14382K [0x0000000780980000, 0x00000007b7f00000, 0x00000007c0000000)
  eden space 355840K, 0% used [0x0000000780980000,0x0000000780980000,0x0000000796500000)
  from space 261632K, 5% used [0x00000007a7f80000,0x00000007a8d8b920,0x00000007b7f00000)
  to   space 275456K, 0% used [0x0000000796500000,0x0000000796500000,0x00000007a7200000)
 ParOldGen       total 1373696K, used 1100990K [0x0000000701c00000, 0x0000000755980000, 0x0000000780980000)
  object space 1373696K, 80% used [0x0000000701c00000,0x0000000744f2fa48,0x0000000755980000)
 Metaspace       used 115375K, capacity 130216K, committed 130304K, reserved 1161216K
  class space    used 16109K, capacity 19414K, committed 19456K, reserved 1048576K
}

