# JRE version: Java(TM) SE Runtime Environment (8.0_271-b09) (build 1.8.0_271-b09)
# Java VM: Java HotSpot(TM) 64-Bit Server VM (25.271-b09 mixed mode windows-amd64 compressed oops)
Heap:
 PSYoungGen      total 1030144K, used 878554K [0x0000000780980000, 0x00000007c0000000, 0x00000007c0000000)
  eden space 1022464K, 85% used [0x0000000780980000,0x00000007b6146988,0x00000007bf000000)
  from space 7680K, 29% used [0x00000007bf000000,0x00000007bf230000,0x00000007bf780000)
  to   space 7680K, 0% used [0x00000007bf880000,0x00000007bf880000,0x00000007c0000000)
 ParOldGen       total 2078208K, used 1643691K [0x0000000701c00000, 0x0000000780980000, 0x0000000780980000)
  object space 2078208K, 79% used [0x0000000701c00000,0x000000076612ad00,0x0000000780980000)
 Metaspace       used 127285K, capacity 144950K, committed 145152K, reserved 1171456K
  class space    used 18376K, capacity 22234K, committed 22272K, reserved 1048576K
GC Heap History (10 events):
Event: 2703.753 GC heap before
{Heap before GC invocations=503 (full 6):
 PSYoungGen      total 1030656K, used 1024704K [0x0000000780980000, 0x00000007c0000000, 0x00000007c0000000)
  eden space 1022464K, 100% used [0x0000000780980000,0x00000007bf000000,0x00000007bf000000)
  from space 8192K, 27% used [0x00000007bf800000,0x00000007bfa30000,0x00000007c0000000)
  to   space 8192K, 0% used [0x00000007bf000000,0x00000007bf000000,0x00000007bf800000)
 ParOldGen       total 2078208K, used 1643691K [0x0000000701c00000, 0x0000000780980000, 0x0000000780980000)
  object space 2078208K, 79% used [0x0000000701c00000,0x000000076612ad00,0x0000000780980000)
 Metaspace       used 127237K, capacity 144906K, committed 145152K, reserved 1171456K
  class space    used 18367K, capacity 22220K, committed 22272K, reserved 1048576K
Event: 2703.766 GC heap after
Heap after GC invocations=503 (full 6):
 PSYoungGen      total 1030656K, used 2272K [0x0000000780980000, 0x00000007c0000000, 0x00000007c0000000)
  eden space 1022464K, 0% used [0x0000000780980000,0x0000000780980000,0x00000007bf000000)
  from space 8192K, 27% used [0x00000007bf000000,0x00000007bf238000,0x00000007bf800000)
  to   space 8192K, 0% used [0x00000007bf800000,0x00000007bf800000,0x00000007c0000000)
 ParOldGen       total 2078208K, used 1643691K [0x0000000701c00000, 0x0000000780980000, 0x0000000780980000)
  object space 2078208K, 79% used [0x0000000701c00000,0x000000076612ad00,0x0000000780980000)
 Metaspace       used 127237K, capacity 144906K, committed 145152K, reserved 1171456K
  class space    used 18367K, capacity 22220K, committed 22272K, reserved 1048576K
}
Event: 2710.822 GC heap before
{Heap before GC invocations=504 (full 6):
 PSYoungGen      total 1030656K, used 1024736K [0x0000000780980000, 0x00000007c0000000, 0x00000007c0000000)
  eden space 1022464K, 100% used [0x0000000780980000,0x00000007bf000000,0x00000007bf000000)
  from space 8192K, 27% used [0x00000007bf000000,0x00000007bf238000,0x00000007bf800000)
  to   space 8192K, 0% used [0x00000007bf800000,0x00000007bf800000,0x00000007c0000000)
 ParOldGen       total 2078208K, used 1643691K [0x0000000701c00000, 0x0000000780980000, 0x0000000780980000)
  object space 2078208K, 79% used [0x0000000701c00000,0x000000076612ad00,0x0000000780980000)
 Metaspace       used 127237K, capacity 144906K, committed 145152K, reserved 1171456K
  class space    used 18367K, capacity 22220K, committed 22272K, reserved 1048576K
Event: 2710.835 GC heap after
Heap after GC invocations=504 (full 6):
 PSYoungGen      total 1030656K, used 2208K [0x0000000780980000, 0x00000007c0000000, 0x00000007c0000000)
  eden space 1022464K, 0% used [0x0000000780980000,0x0000000780980000,0x00000007bf000000)
  from space 8192K, 26% used [0x00000007bf800000,0x00000007bfa28000,0x00000007c0000000)
  to   space 8192K, 0% used [0x00000007bf000000,0x00000007bf000000,0x00000007bf800000)
 ParOldGen       total 2078208K, used 1643691K [0x0000000701c00000, 0x0000000780980000, 0x0000000780980000)
  object space 2078208K, 79% used [0x0000000701c00000,0x000000076612ad00,0x0000000780980000)
 Metaspace       used 127237K, capacity 144906K, committed 145152K, reserved 1171456K
  class space    used 18367K, capacity 22220K, committed 22272K, reserved 1048576K
}
Event: 2717.655 GC heap before
{Heap before GC invocations=505 (full 6):
 PSYoungGen      total 1030656K, used 1024672K [0x0000000780980000, 0x00000007c0000000, 0x00000007c0000000)
  eden space 1022464K, 100% used [0x0000000780980000,0x00000007bf000000,0x00000007bf000000)
  from space 8192K, 26% used [0x00000007bf800000,0x00000007bfa28000,0x00000007c0000000)
  to   space 8192K, 0% used [0x00000007bf000000,0x00000007bf000000,0x00000007bf800000)
 ParOldGen       total 2078208K, used 1643691K [0x0000000701c00000, 0x0000000780980000, 0x0000000780980000)
  object space 2078208K, 79% used [0x0000000701c00000,0x000000076612ad00,0x0000000780980000)
 Metaspace       used 127237K, capacity 144906K, committed 145152K, reserved 1171456K
  class space    used 18367K, capacity 22220K, committed 22272K, reserved 1048576K
Event: 2717.668 GC heap after
Heap after GC invocations=505 (full 6):
 PSYoungGen      total 1025024K, used 2240K [0x0000000780980000, 0x00000007bff00000, 0x00000007c0000000)
  eden space 1022464K, 0% used [0x0000000780980000,0x0000000780980000,0x00000007bf000000)
  from space 2560K, 87% used [0x00000007bf000000,0x00000007bf230000,0x00000007bf280000)
  to   space 7680K, 0% used [0x00000007bf780000,0x00000007bf780000,0x00000007bff00000)
 ParOldGen       total 2078208K, used 1643691K [0x0000000701c00000, 0x0000000780980000, 0x0000000780980000)
  object space 2078208K, 79% used [0x0000000701c00000,0x000000076612ad00,0x0000000780980000)
 Metaspace       used 127237K, capacity 144906K, committed 145152K, reserved 1171456K
  class space    used 18367K, capacity 22220K, committed 22272K, reserved 1048576K
}
Event: 2724.895 GC heap before
{Heap before GC invocations=506 (full 6):
 PSYoungGen      total 1025024K, used 1024704K [0x0000000780980000, 0x00000007bff00000, 0x00000007c0000000)
  eden space 1022464K, 100% used [0x0000000780980000,0x00000007bf000000,0x00000007bf000000)
  from space 2560K, 87% used [0x00000007bf000000,0x00000007bf230000,0x00000007bf280000)
  to   space 7680K, 0% used [0x00000007bf780000,0x00000007bf780000,0x00000007bff00000)
 ParOldGen       total 2078208K, used 1643691K [0x0000000701c00000, 0x0000000780980000, 0x0000000780980000)
  object space 2078208K, 79% used [0x0000000701c00000,0x000000076612ad00,0x0000000780980000)
 Metaspace       used 127237K, capacity 144906K, committed 145152K, reserved 1171456K
  class space    used 18367K, capacity 22220K, committed 22272K, reserved 1048576K
Event: 2724.908 GC heap after
Heap after GC invocations=506 (full 6):
 PSYoungGen      total 1030144K, used 2208K [0x0000000780980000, 0x00000007c0000000, 0x00000007c0000000)
  eden space 1022464K, 0% used [0x0000000780980000,0x0000000780980000,0x00000007bf000000)
  from space 7680K, 28% used [0x00000007bf780000,0x00000007bf9a8000,0x00000007bff00000)
  to   space 7680K, 0% used [0x00000007bf000000,0x00000007bf000000,0x00000007bf780000)
 ParOldGen       total 2078208K, used 1643691K [0x0000000701c00000, 0x0000000780980000, 0x0000000780980000)
  object space 2078208K, 79% used [0x0000000701c00000,0x000000076612ad00,0x0000000780980000)
 Metaspace       used 127237K, capacity 144906K, committed 145152K, reserved 1171456K
  class space    used 18367K, capacity 22220K, committed 22272K, reserved 1048576K
}
Event: 2731.976 GC heap before
{Heap before GC invocations=507 (full 6):
 PSYoungGen      total 1030144K, used 1024672K [0x0000000780980000, 0x00000007c0000000, 0x00000007c0000000)
  eden space 1022464K, 100% used [0x0000000780980000,0x00000007bf000000,0x00000007bf000000)
  from space 7680K, 28% used [0x00000007bf780000,0x00000007bf9a8000,0x00000007bff00000)
  to   space 7680K, 0% used [0x00000007bf000000,0x00000007bf000000,0x00000007bf780000)
 ParOldGen       total 2078208K, used 1643691K [0x0000000701c00000, 0x0000000780980000, 0x0000000780980000)
  object space 2078208K, 79% used [0x0000000701c00000,0x000000076612ad00,0x0000000780980000)
 Metaspace       used 127237K, capacity 144906K, committed 145152K, reserved 1171456K
  class space    used 18367K, capacity 22220K, committed 22272K, reserved 1048576K
Event: 2731.989 GC heap after
Heap after GC invocations=507 (full 6):
 PSYoungGen      total 1030144K, used 2240K [0x0000000780980000, 0x00000007c0000000, 0x00000007c0000000)
  eden space 1022464K, 0% used [0x0000000780980000,0x0000000780980000,0x00000007bf000000)
  from space 7680K, 29% used [0x00000007bf000000,0x00000007bf230000,0x00000007bf780000)
  to   space 7680K, 0% used [0x00000007bf880000,0x00000007bf880000,0x00000007c0000000)
 ParOldGen       total 2078208K, used 1643691K [0x0000000701c00000, 0x0000000780980000, 0x0000000780980000)
  object space 2078208K, 79% used [0x0000000701c00000,0x000000076612ad00,0x0000000780980000)
 Metaspace       used 127237K, capacity 144906K, committed 145152K, reserved 1171456K
  class space    used 18367K, capacity 22220K, committed 22272K, reserved 1048576K
}

