# JRE version: Java(TM) SE Runtime Environment (8.0_271-b09) (build 1.8.0_271-b09)
# Java VM: Java HotSpot(TM) 64-Bit Server VM (25.271-b09 mixed mode windows-amd64 compressed oops)
Heap:
 PSYoungGen      total 534528K, used 183058K [0x0000000780980000, 0x00000007bda80000, 0x00000007c0000000)
  eden space 417792K, 15% used [0x0000000780980000,0x0000000784a55088,0x000000079a180000)
  from space 116736K, 99% used [0x000000079a180000,0x00000007a136fb40,0x00000007a1380000)
  to   space 291328K, 0% used [0x00000007abe00000,0x00000007abe00000,0x00000007bda80000)
 ParOldGen       total 1325056K, used 712800K [0x0000000701c00000, 0x0000000752a00000, 0x0000000780980000)
  object space 1325056K, 53% used [0x0000000701c00000,0x000000072d4182f0,0x0000000752a00000)
 Metaspace       used 105504K, capacity 117576K, committed 117784K, reserved 1148928K
  class space    used 14792K, capacity 17709K, committed 17792K, reserved 1048576K
GC Heap History (10 events):
Event: 163.616 GC heap before
{Heap before GC invocations=130 (full 5):
 PSYoungGen      total 720384K, used 201068K [0x0000000780980000, 0x00000007c0000000, 0x00000007c0000000)
  eden space 418304K, 0% used [0x0000000780980000,0x0000000780980000,0x000000079a200000)
  from space 302080K, 66% used [0x000000079a200000,0x00000007a665b368,0x00000007ac900000)
  to   space 303616K, 0% used [0x00000007ad780000,0x00000007ad780000,0x00000007c0000000)
 ParOldGen       total 889344K, used 741509K [0x0000000701c00000, 0x0000000738080000, 0x0000000780980000)
  object space 889344K, 83% used [0x0000000701c00000,0x000000072f021490,0x0000000738080000)
 Metaspace       used 95282K, capacity 105456K, committed 105496K, reserved 1138688K
  class space    used 13382K, capacity 15995K, committed 16000K, reserved 1048576K
Event: 163.999 GC heap after
Heap after GC invocations=130 (full 5):
 PSYoungGen      total 720384K, used 0K [0x0000000780980000, 0x00000007c0000000, 0x00000007c0000000)
  eden space 418304K, 0% used [0x0000000780980000,0x0000000780980000,0x000000079a200000)
  from space 302080K, 0% used [0x000000079a200000,0x000000079a200000,0x00000007ac900000)
  to   space 303616K, 0% used [0x00000007ad780000,0x00000007ad780000,0x00000007c0000000)
 ParOldGen       total 1325056K, used 712760K [0x0000000701c00000, 0x0000000752a00000, 0x0000000780980000)
  object space 1325056K, 53% used [0x0000000701c00000,0x000000072d40e2f0,0x0000000752a00000)
 Metaspace       used 95266K, capacity 105410K, committed 105496K, reserved 1138688K
  class space    used 13377K, capacity 15986K, committed 16000K, reserved 1048576K
}
Event: 164.461 GC heap before
{Heap before GC invocations=131 (full 5):
 PSYoungGen      total 720384K, used 418304K [0x0000000780980000, 0x00000007c0000000, 0x00000007c0000000)
  eden space 418304K, 100% used [0x0000000780980000,0x000000079a200000,0x000000079a200000)
  from space 302080K, 0% used [0x000000079a200000,0x000000079a200000,0x00000007ac900000)
  to   space 303616K, 0% used [0x00000007ad780000,0x00000007ad780000,0x00000007c0000000)
 ParOldGen       total 1325056K, used 712760K [0x0000000701c00000, 0x0000000752a00000, 0x0000000780980000)
  object space 1325056K, 53% used [0x0000000701c00000,0x000000072d40e2f0,0x0000000752a00000)
 Metaspace       used 95791K, capacity 106010K, committed 106136K, reserved 1138688K
  class space    used 13456K, capacity 16070K, committed 16128K, reserved 1048576K
Event: 164.467 GC heap after
Heap after GC invocations=131 (full 5):
 PSYoungGen      total 716800K, used 27262K [0x0000000780980000, 0x00000007c0000000, 0x00000007c0000000)
  eden space 413184K, 0% used [0x0000000780980000,0x0000000780980000,0x0000000799d00000)
  from space 303616K, 8% used [0x00000007ad780000,0x00000007af21f9b0,0x00000007c0000000)
  to   space 312832K, 0% used [0x0000000799d00000,0x0000000799d00000,0x00000007ace80000)
 ParOldGen       total 1325056K, used 712768K [0x0000000701c00000, 0x0000000752a00000, 0x0000000780980000)
  object space 1325056K, 53% used [0x0000000701c00000,0x000000072d4102f0,0x0000000752a00000)
 Metaspace       used 95791K, capacity 106010K, committed 106136K, reserved 1138688K
  class space    used 13456K, capacity 16070K, committed 16128K, reserved 1048576K
}
Event: 164.878 GC heap before
{Heap before GC invocations=132 (full 5):
 PSYoungGen      total 716800K, used 440446K [0x0000000780980000, 0x00000007c0000000, 0x00000007c0000000)
  eden space 413184K, 100% used [0x0000000780980000,0x0000000799d00000,0x0000000799d00000)
  from space 303616K, 8% used [0x00000007ad780000,0x00000007af21f9b0,0x00000007c0000000)
  to   space 312832K, 0% used [0x0000000799d00000,0x0000000799d00000,0x00000007ace80000)
 ParOldGen       total 1325056K, used 712768K [0x0000000701c00000, 0x0000000752a00000, 0x0000000780980000)
  object space 1325056K, 53% used [0x0000000701c00000,0x000000072d4102f0,0x0000000752a00000)
 Metaspace       used 95795K, capacity 106010K, committed 106136K, reserved 1138688K
  class space    used 13456K, capacity 16070K, committed 16128K, reserved 1048576K
Event: 164.885 GC heap after
Heap after GC invocations=132 (full 5):
 PSYoungGen      total 449024K, used 35399K [0x0000000780980000, 0x00000007c0000000, 0x00000007c0000000)
  eden space 413184K, 0% used [0x0000000780980000,0x0000000780980000,0x0000000799d00000)
  from space 35840K, 98% used [0x0000000799d00000,0x000000079bf91f10,0x000000079c000000)
  to   space 315392K, 0% used [0x00000007acc00000,0x00000007acc00000,0x00000007c0000000)
 ParOldGen       total 1325056K, used 712776K [0x0000000701c00000, 0x0000000752a00000, 0x0000000780980000)
  object space 1325056K, 53% used [0x0000000701c00000,0x000000072d4122f0,0x0000000752a00000)
 Metaspace       used 95795K, capacity 106010K, committed 106136K, reserved 1138688K
  class space    used 13456K, capacity 16070K, committed 16128K, reserved 1048576K
}
Event: 165.953 GC heap before
{Heap before GC invocations=133 (full 5):
 PSYoungGen      total 449024K, used 448583K [0x0000000780980000, 0x00000007c0000000, 0x00000007c0000000)
  eden space 413184K, 100% used [0x0000000780980000,0x0000000799d00000,0x0000000799d00000)
  from space 35840K, 98% used [0x0000000799d00000,0x000000079bf91f10,0x000000079c000000)
  to   space 315392K, 0% used [0x00000007acc00000,0x00000007acc00000,0x00000007c0000000)
 ParOldGen       total 1325056K, used 712776K [0x0000000701c00000, 0x0000000752a00000, 0x0000000780980000)
  object space 1325056K, 53% used [0x0000000701c00000,0x000000072d4122f0,0x0000000752a00000)
 Metaspace       used 99631K, capacity 110644K, committed 110872K, reserved 1142784K
  class space    used 13971K, capacity 16735K, committed 16768K, reserved 1048576K
Event: 165.970 GC heap after
Heap after GC invocations=133 (full 5):
 PSYoungGen      total 733184K, used 91959K [0x0000000780980000, 0x00000007c0000000, 0x00000007c0000000)
  eden space 417792K, 0% used [0x0000000780980000,0x0000000780980000,0x000000079a180000)
  from space 315392K, 29% used [0x00000007acc00000,0x00000007b25cddd8,0x00000007c0000000)
  to   space 305664K, 0% used [0x000000079a180000,0x000000079a180000,0x00000007acc00000)
 ParOldGen       total 1325056K, used 712792K [0x0000000701c00000, 0x0000000752a00000, 0x0000000780980000)
  object space 1325056K, 53% used [0x0000000701c00000,0x000000072d4162f0,0x0000000752a00000)
 Metaspace       used 99631K, capacity 110644K, committed 110872K, reserved 1142784K
  class space    used 13971K, capacity 16735K, committed 16768K, reserved 1048576K
}
Event: 167.026 GC heap before
{Heap before GC invocations=134 (full 5):
 PSYoungGen      total 733184K, used 509751K [0x0000000780980000, 0x00000007c0000000, 0x00000007c0000000)
  eden space 417792K, 100% used [0x0000000780980000,0x000000079a180000,0x000000079a180000)
  from space 315392K, 29% used [0x00000007acc00000,0x00000007b25cddd8,0x00000007c0000000)
  to   space 305664K, 0% used [0x000000079a180000,0x000000079a180000,0x00000007acc00000)
 ParOldGen       total 1325056K, used 712792K [0x0000000701c00000, 0x0000000752a00000, 0x0000000780980000)
  object space 1325056K, 53% used [0x0000000701c00000,0x000000072d4162f0,0x0000000752a00000)
 Metaspace       used 105340K, capacity 117352K, committed 117528K, reserved 1148928K
  class space    used 14774K, capacity 17685K, committed 17792K, reserved 1048576K
Event: 167.050 GC heap after
Heap after GC invocations=134 (full 5):
 PSYoungGen      total 534528K, used 116670K [0x0000000780980000, 0x00000007bda80000, 0x00000007c0000000)
  eden space 417792K, 0% used [0x0000000780980000,0x0000000780980000,0x000000079a180000)
  from space 116736K, 99% used [0x000000079a180000,0x00000007a136fb40,0x00000007a1380000)
  to   space 291328K, 0% used [0x00000007abe00000,0x00000007abe00000,0x00000007bda80000)
 ParOldGen       total 1325056K, used 712800K [0x0000000701c00000, 0x0000000752a00000, 0x0000000780980000)
  object space 1325056K, 53% used [0x0000000701c00000,0x000000072d4182f0,0x0000000752a00000)
 Metaspace       used 105340K, capacity 117352K, committed 117528K, reserved 1148928K
  class space    used 14774K, capacity 17685K, committed 17792K, reserved 1048576K
}

