# JRE version: Java(TM) SE Runtime Environment (8.0_271-b09) (build 1.8.0_271-b09)
# Java VM: Java HotSpot(TM) 64-Bit Server VM (25.271-b09 mixed mode windows-amd64 compressed oops)
Heap:
 PSYoungGen      total 692736K, used 87327K [0x0000000780980000, 0x00000007c0000000, 0x00000007c0000000)
  eden space 346624K, 14% used [0x0000000780980000,0x0000000783a19d50,0x0000000795c00000)
  from space 346112K, 10% used [0x0000000795c00000,0x00000007980adf88,0x00000007aae00000)
  to   space 346112K, 0% used [0x00000007aae00000,0x00000007aae00000,0x00000007c0000000)
 ParOldGen       total 2078208K, used 1852460K [0x0000000701c00000, 0x0000000780980000, 0x0000000780980000)
  object space 2078208K, 89% used [0x0000000701c00000,0x0000000772d0b258,0x0000000780980000)
 Metaspace       used 157646K, capacity 176618K, committed 176832K, reserved 1198080K
  class space    used 23540K, capacity 27823K, committed 27864K, reserved 1048576K
GC Heap History (10 events):
Event: 98.690 GC heap before
{Heap before GC invocations=163 (full 5):
 PSYoungGen      total 692736K, used 654790K [0x0000000780980000, 0x00000007c0000000, 0x00000007c0000000)
  eden space 346624K, 100% used [0x0000000780980000,0x0000000795c00000,0x0000000795c00000)
  from space 346112K, 89% used [0x0000000795c00000,0x00000007a88f1bf8,0x00000007aae00000)
  to   space 346112K, 0% used [0x00000007aae00000,0x00000007aae00000,0x00000007c0000000)
 ParOldGen       total 1957888K, used 1647292K [0x0000000701c00000, 0x0000000779400000, 0x0000000780980000)
  object space 1957888K, 84% used [0x0000000701c00000,0x00000007664af0a0,0x0000000779400000)
 Metaspace       used 156941K, capacity 175676K, committed 175808K, reserved 1198080K
  class space    used 23477K, capacity 27752K, committed 27864K, reserved 1048576K
Event: 98.750 GC heap after
Heap after GC invocations=163 (full 5):
 PSYoungGen      total 692736K, used 276247K [0x0000000780980000, 0x00000007c0000000, 0x00000007c0000000)
  eden space 346624K, 0% used [0x0000000780980000,0x0000000780980000,0x0000000795c00000)
  from space 346112K, 79% used [0x00000007aae00000,0x00000007bbbc5e98,0x00000007c0000000)
  to   space 346112K, 0% used [0x0000000795c00000,0x0000000795c00000,0x00000007aae00000)
 ParOldGen       total 1957888K, used 1698689K [0x0000000701c00000, 0x0000000779400000, 0x0000000780980000)
  object space 1957888K, 86% used [0x0000000701c00000,0x00000007696e0508,0x0000000779400000)
 Metaspace       used 156941K, capacity 175676K, committed 175808K, reserved 1198080K
  class space    used 23477K, capacity 27752K, committed 27864K, reserved 1048576K
}
Event: 99.441 GC heap before
{Heap before GC invocations=164 (full 5):
 PSYoungGen      total 692736K, used 622871K [0x0000000780980000, 0x00000007c0000000, 0x00000007c0000000)
  eden space 346624K, 100% used [0x0000000780980000,0x0000000795c00000,0x0000000795c00000)
  from space 346112K, 79% used [0x00000007aae00000,0x00000007bbbc5e98,0x00000007c0000000)
  to   space 346112K, 0% used [0x0000000795c00000,0x0000000795c00000,0x00000007aae00000)
 ParOldGen       total 1957888K, used 1698689K [0x0000000701c00000, 0x0000000779400000, 0x0000000780980000)
  object space 1957888K, 86% used [0x0000000701c00000,0x00000007696e0508,0x0000000779400000)
 Metaspace       used 157158K, capacity 175974K, committed 176064K, reserved 1198080K
  class space    used 23509K, capacity 27799K, committed 27864K, reserved 1048576K
Event: 99.501 GC heap after
Heap after GC invocations=164 (full 5):
 PSYoungGen      total 692736K, used 241463K [0x0000000780980000, 0x00000007c0000000, 0x00000007c0000000)
  eden space 346624K, 0% used [0x0000000780980000,0x0000000780980000,0x0000000795c00000)
  from space 346112K, 69% used [0x0000000795c00000,0x00000007a47cde48,0x00000007aae00000)
  to   space 346112K, 0% used [0x00000007aae00000,0x00000007aae00000,0x00000007c0000000)
 ParOldGen       total 1957888K, used 1764990K [0x0000000701c00000, 0x0000000779400000, 0x0000000780980000)
  object space 1957888K, 90% used [0x0000000701c00000,0x000000076d79f840,0x0000000779400000)
 Metaspace       used 157158K, capacity 175974K, committed 176064K, reserved 1198080K
  class space    used 23509K, capacity 27799K, committed 27864K, reserved 1048576K
}
Event: 101.373 GC heap before
{Heap before GC invocations=165 (full 5):
 PSYoungGen      total 692736K, used 588087K [0x0000000780980000, 0x00000007c0000000, 0x00000007c0000000)
  eden space 346624K, 100% used [0x0000000780980000,0x0000000795c00000,0x0000000795c00000)
  from space 346112K, 69% used [0x0000000795c00000,0x00000007a47cde48,0x00000007aae00000)
  to   space 346112K, 0% used [0x00000007aae00000,0x00000007aae00000,0x00000007c0000000)
 ParOldGen       total 1957888K, used 1764990K [0x0000000701c00000, 0x0000000779400000, 0x0000000780980000)
  object space 1957888K, 90% used [0x0000000701c00000,0x000000076d79f840,0x0000000779400000)
 Metaspace       used 157436K, capacity 176442K, committed 176576K, reserved 1198080K
  class space    used 23521K, capacity 27815K, committed 27864K, reserved 1048576K
Event: 101.423 GC heap after
Heap after GC invocations=165 (full 5):
 PSYoungGen      total 692736K, used 160590K [0x0000000780980000, 0x00000007c0000000, 0x00000007c0000000)
  eden space 346624K, 0% used [0x0000000780980000,0x0000000780980000,0x0000000795c00000)
  from space 346112K, 46% used [0x00000007aae00000,0x00000007b4ad3bc8,0x00000007c0000000)
  to   space 346112K, 0% used [0x0000000795c00000,0x0000000795c00000,0x00000007aae00000)
 ParOldGen       total 1957888K, used 1851260K [0x0000000701c00000, 0x0000000779400000, 0x0000000780980000)
  object space 1957888K, 94% used [0x0000000701c00000,0x0000000772bdf1a0,0x0000000779400000)
 Metaspace       used 157436K, capacity 176442K, committed 176576K, reserved 1198080K
  class space    used 23521K, capacity 27815K, committed 27864K, reserved 1048576K
}
Event: 101.424 GC heap before
{Heap before GC invocations=166 (full 6):
 PSYoungGen      total 692736K, used 160590K [0x0000000780980000, 0x00000007c0000000, 0x00000007c0000000)
  eden space 346624K, 0% used [0x0000000780980000,0x0000000780980000,0x0000000795c00000)
  from space 346112K, 46% used [0x00000007aae00000,0x00000007b4ad3bc8,0x00000007c0000000)
  to   space 346112K, 0% used [0x0000000795c00000,0x0000000795c00000,0x00000007aae00000)
 ParOldGen       total 1957888K, used 1851260K [0x0000000701c00000, 0x0000000779400000, 0x0000000780980000)
  object space 1957888K, 94% used [0x0000000701c00000,0x0000000772bdf1a0,0x0000000779400000)
 Metaspace       used 157436K, capacity 176442K, committed 176576K, reserved 1198080K
  class space    used 23521K, capacity 27815K, committed 27864K, reserved 1048576K
Event: 102.388 GC heap after
Heap after GC invocations=166 (full 6):
 PSYoungGen      total 692736K, used 0K [0x0000000780980000, 0x00000007c0000000, 0x00000007c0000000)
  eden space 346624K, 0% used [0x0000000780980000,0x0000000780980000,0x0000000795c00000)
  from space 346112K, 0% used [0x00000007aae00000,0x00000007aae00000,0x00000007c0000000)
  to   space 346112K, 0% used [0x0000000795c00000,0x0000000795c00000,0x00000007aae00000)
 ParOldGen       total 2078208K, used 1852452K [0x0000000701c00000, 0x0000000780980000, 0x0000000780980000)
  object space 2078208K, 89% used [0x0000000701c00000,0x0000000772d09258,0x0000000780980000)
 Metaspace       used 157395K, capacity 176320K, committed 176576K, reserved 1198080K
  class space    used 23508K, capacity 27792K, committed 27864K, reserved 1048576K
}
Event: 103.210 GC heap before
{Heap before GC invocations=167 (full 6):
 PSYoungGen      total 692736K, used 346624K [0x0000000780980000, 0x00000007c0000000, 0x00000007c0000000)
  eden space 346624K, 100% used [0x0000000780980000,0x0000000795c00000,0x0000000795c00000)
  from space 346112K, 0% used [0x00000007aae00000,0x00000007aae00000,0x00000007c0000000)
  to   space 346112K, 0% used [0x0000000795c00000,0x0000000795c00000,0x00000007aae00000)
 ParOldGen       total 2078208K, used 1852452K [0x0000000701c00000, 0x0000000780980000, 0x0000000780980000)
  object space 2078208K, 89% used [0x0000000701c00000,0x0000000772d09258,0x0000000780980000)
 Metaspace       used 157614K, capacity 176612K, committed 176832K, reserved 1198080K
  class space    used 23533K, capacity 27822K, committed 27864K, reserved 1048576K
Event: 103.228 GC heap after
Heap after GC invocations=167 (full 6):
 PSYoungGen      total 692736K, used 37559K [0x0000000780980000, 0x00000007c0000000, 0x00000007c0000000)
  eden space 346624K, 0% used [0x0000000780980000,0x0000000780980000,0x0000000795c00000)
  from space 346112K, 10% used [0x0000000795c00000,0x00000007980adf88,0x00000007aae00000)
  to   space 346112K, 0% used [0x00000007aae00000,0x00000007aae00000,0x00000007c0000000)
 ParOldGen       total 2078208K, used 1852460K [0x0000000701c00000, 0x0000000780980000, 0x0000000780980000)
  object space 2078208K, 89% used [0x0000000701c00000,0x0000000772d0b258,0x0000000780980000)
 Metaspace       used 157614K, capacity 176612K, committed 176832K, reserved 1198080K
  class space    used 23533K, capacity 27822K, committed 27864K, reserved 1048576K
}

